{"/home/abdoali/comp1531/project-backend/src/dataStore.ts": {"path":"/home/abdoali/comp1531/project-backend/src/dataStore.ts","statementMap":{"0":{"start":{"line":13,"column":0},"end":{"line":13,"column":16}},"1":{"start":{"line":18,"column":0},"end":{"line":18,"column":16}},"2":{"start":{"line":22,"column":0},"end":{"line":22,"column":16}},"3":{"start":{"line":27,"column":0},"end":{"line":27,"column":16}},"4":{"start":{"line":33,"column":0},"end":{"line":33,"column":16}},"5":{"start":{"line":49,"column":0},"end":{"line":49,"column":16}},"6":{"start":{"line":2,"column":0},"end":{"line":2,"column":25}},"7":{"start":{"line":3,"column":0},"end":{"line":3,"column":29}},"8":{"start":{"line":6,"column":21},"end":{"line":6,"column":58}},"9":{"start":{"line":8,"column":34},"end":{"line":8,"column":36}},"10":{"start":{"line":9,"column":34},"end":{"line":9,"column":36}},"11":{"start":{"line":10,"column":43},"end":{"line":10,"column":45}},"12":{"start":{"line":14,"column":2},"end":{"line":14,"column":18}},"13":{"start":{"line":19,"column":2},"end":{"line":19,"column":18}},"14":{"start":{"line":23,"column":2},"end":{"line":23,"column":24}},"15":{"start":{"line":28,"column":2},"end":{"line":28,"column":22}},"16":{"start":{"line":29,"column":2},"end":{"line":29,"column":13}},"17":{"start":{"line":34,"column":2},"end":{"line":45,"column":3}},"18":{"start":{"line":35,"column":4},"end":{"line":42,"column":5}},"19":{"start":{"line":36,"column":27},"end":{"line":36,"column":64}},"20":{"start":{"line":37,"column":25},"end":{"line":37,"column":49}},"21":{"start":{"line":39,"column":6},"end":{"line":39,"column":66}},"22":{"start":{"line":40,"column":6},"end":{"line":40,"column":66}},"23":{"start":{"line":41,"column":6},"end":{"line":41,"column":84}},"24":{"start":{"line":44,"column":4},"end":{"line":44,"column":46}},"25":{"start":{"line":50,"column":24},"end":{"line":54,"column":4}},"26":{"start":{"line":55,"column":2},"end":{"line":59,"column":3}},"27":{"start":{"line":56,"column":4},"end":{"line":56,"column":83}},"28":{"start":{"line":58,"column":4},"end":{"line":58,"column":45}}},"fnMap":{"0":{"name":"getUserData","decl":{"start":{"line":13,"column":16},"end":{"line":13,"column":27}},"loc":{"start":{"line":13,"column":27},"end":{"line":15,"column":1}}},"1":{"name":"getQuizData","decl":{"start":{"line":18,"column":16},"end":{"line":18,"column":27}},"loc":{"start":{"line":18,"column":27},"end":{"line":20,"column":1}}},"2":{"name":"getActiveSessions","decl":{"start":{"line":22,"column":16},"end":{"line":22,"column":33}},"loc":{"start":{"line":22,"column":33},"end":{"line":24,"column":1}}},"3":{"name":"addUser","decl":{"start":{"line":27,"column":16},"end":{"line":27,"column":23}},"loc":{"start":{"line":27,"column":40},"end":{"line":30,"column":1}}},"4":{"name":"loadData","decl":{"start":{"line":33,"column":16},"end":{"line":33,"column":24}},"loc":{"start":{"line":33,"column":24},"end":{"line":46,"column":1}}},"5":{"name":"saveData","decl":{"start":{"line":49,"column":16},"end":{"line":49,"column":24}},"loc":{"start":{"line":49,"column":24},"end":{"line":60,"column":1}}}},"branchMap":{"0":{"loc":{"start":{"line":35,"column":4},"end":{"line":42,"column":5}},"type":"if","locations":[{"start":{"line":35,"column":4},"end":{"line":42,"column":5}}]}},"s":{"0":1,"1":1,"2":1,"3":1,"4":1,"5":1,"6":1,"7":1,"8":1,"9":1,"10":1,"11":1,"12":0,"13":0,"14":0,"15":0,"16":0,"17":0,"18":0,"19":0,"20":0,"21":0,"22":0,"23":0,"24":0,"25":0,"26":0,"27":0,"28":0},"f":{"0":0,"1":0,"2":0,"3":0,"4":0,"5":0},"b":{"0":[0]}}
,"/home/abdoali/comp1531/project-backend/src/helperFunctions.ts": {"path":"/home/abdoali/comp1531/project-backend/src/helperFunctions.ts","statementMap":{"0":{"start":{"line":31,"column":0},"end":{"line":31,"column":16}},"1":{"start":{"line":55,"column":0},"end":{"line":55,"column":16}},"2":{"start":{"line":75,"column":0},"end":{"line":75,"column":16}},"3":{"start":{"line":101,"column":0},"end":{"line":101,"column":16}},"4":{"start":{"line":174,"column":0},"end":{"line":174,"column":16}},"5":{"start":{"line":208,"column":0},"end":{"line":208,"column":16}},"6":{"start":{"line":228,"column":0},"end":{"line":228,"column":16}},"7":{"start":{"line":249,"column":0},"end":{"line":249,"column":16}},"8":{"start":{"line":265,"column":0},"end":{"line":265,"column":16}},"9":{"start":{"line":278,"column":0},"end":{"line":278,"column":16}},"10":{"start":{"line":290,"column":0},"end":{"line":290,"column":16}},"11":{"start":{"line":302,"column":0},"end":{"line":302,"column":16}},"12":{"start":{"line":319,"column":0},"end":{"line":319,"column":16}},"13":{"start":{"line":336,"column":0},"end":{"line":336,"column":16}},"14":{"start":{"line":353,"column":0},"end":{"line":353,"column":16}},"15":{"start":{"line":370,"column":0},"end":{"line":370,"column":16}},"16":{"start":{"line":383,"column":0},"end":{"line":383,"column":16}},"17":{"start":{"line":407,"column":0},"end":{"line":407,"column":16}},"18":{"start":{"line":433,"column":0},"end":{"line":433,"column":16}},"19":{"start":{"line":453,"column":0},"end":{"line":453,"column":16}},"20":{"start":{"line":469,"column":0},"end":{"line":469,"column":16}},"21":{"start":{"line":493,"column":0},"end":{"line":493,"column":16}},"22":{"start":{"line":515,"column":0},"end":{"line":515,"column":16}},"23":{"start":{"line":541,"column":0},"end":{"line":541,"column":16}},"24":{"start":{"line":606,"column":0},"end":{"line":606,"column":16}},"25":{"start":{"line":624,"column":0},"end":{"line":624,"column":16}},"26":{"start":{"line":633,"column":0},"end":{"line":633,"column":16}},"27":{"start":{"line":641,"column":0},"end":{"line":641,"column":16}},"28":{"start":{"line":4,"column":0},"end":{"line":4,"column":36}},"29":{"start":{"line":8,"column":0},"end":{"line":8,"column":63}},"30":{"start":{"line":9,"column":0},"end":{"line":9,"column":42}},"31":{"start":{"line":10,"column":0},"end":{"line":10,"column":90}},"32":{"start":{"line":12,"column":19},"end":{"line":12,"column":35}},"33":{"start":{"line":13,"column":19},"end":{"line":13,"column":27}},"34":{"start":{"line":34,"column":19},"end":{"line":34,"column":37}},"35":{"start":{"line":36,"column":29},"end":{"line":36,"column":53}},"36":{"start":{"line":37,"column":26},"end":{"line":37,"column":71}},"37":{"start":{"line":37,"column":48},"end":{"line":37,"column":70}},"38":{"start":{"line":38,"column":28},"end":{"line":38,"column":88}},"39":{"start":{"line":38,"column":52},"end":{"line":38,"column":74}},"40":{"start":{"line":39,"column":27},"end":{"line":39,"column":58}},"41":{"start":{"line":40,"column":2},"end":{"line":45,"column":4}},"42":{"start":{"line":56,"column":25},"end":{"line":56,"column":44}},"43":{"start":{"line":57,"column":2},"end":{"line":63,"column":3}},"44":{"start":{"line":58,"column":4},"end":{"line":58,"column":49}},"45":{"start":{"line":59,"column":9},"end":{"line":63,"column":3}},"46":{"start":{"line":60,"column":4},"end":{"line":60,"column":46}},"47":{"start":{"line":61,"column":9},"end":{"line":63,"column":3}},"48":{"start":{"line":62,"column":4},"end":{"line":62,"column":45}},"49":{"start":{"line":65,"column":2},"end":{"line":65,"column":19}},"50":{"start":{"line":76,"column":19},"end":{"line":76,"column":37}},"51":{"start":{"line":77,"column":2},"end":{"line":83,"column":3}},"52":{"start":{"line":79,"column":4},"end":{"line":79,"column":26}},"53":{"start":{"line":82,"column":4},"end":{"line":82,"column":36}},"54":{"start":{"line":85,"column":18},"end":{"line":85,"column":63}},"55":{"start":{"line":85,"column":40},"end":{"line":85,"column":62}},"56":{"start":{"line":86,"column":2},"end":{"line":87,"column":60}},"57":{"start":{"line":86,"column":27},"end":{"line":86,"column":42}},"58":{"start":{"line":87,"column":7},"end":{"line":87,"column":60}},"59":{"start":{"line":104,"column":25},"end":{"line":104,"column":44}},"60":{"start":{"line":105,"column":2},"end":{"line":117,"column":3}},"61":{"start":{"line":108,"column":4},"end":{"line":108,"column":50}},"62":{"start":{"line":109,"column":9},"end":{"line":117,"column":3}},"63":{"start":{"line":112,"column":4},"end":{"line":112,"column":47}},"64":{"start":{"line":113,"column":9},"end":{"line":117,"column":3}},"65":{"start":{"line":116,"column":4},"end":{"line":116,"column":46}},"66":{"start":{"line":120,"column":2},"end":{"line":124,"column":3}},"67":{"start":{"line":123,"column":4},"end":{"line":123,"column":58}},"68":{"start":{"line":127,"column":2},"end":{"line":135,"column":3}},"69":{"start":{"line":130,"column":4},"end":{"line":130,"column":56}},"70":{"start":{"line":131,"column":9},"end":{"line":135,"column":3}},"71":{"start":{"line":134,"column":4},"end":{"line":134,"column":57}},"72":{"start":{"line":138,"column":15},"end":{"line":138,"column":31}},"73":{"start":{"line":139,"column":2},"end":{"line":146,"column":3}},"74":{"start":{"line":140,"column":17},"end":{"line":140,"column":33}},"75":{"start":{"line":141,"column":4},"end":{"line":141,"column":38}},"76":{"start":{"line":145,"column":4},"end":{"line":145,"column":68}},"77":{"start":{"line":149,"column":2},"end":{"line":153,"column":3}},"78":{"start":{"line":152,"column":4},"end":{"line":152,"column":65}},"79":{"start":{"line":155,"column":2},"end":{"line":155,"column":19}},"80":{"start":{"line":175,"column":19},"end":{"line":175,"column":37}},"81":{"start":{"line":178,"column":20},"end":{"line":178,"column":44}},"82":{"start":{"line":179,"column":2},"end":{"line":187,"column":3}},"83":{"start":{"line":180,"column":4},"end":{"line":180,"column":40}},"84":{"start":{"line":181,"column":4},"end":{"line":186,"column":6}},"85":{"start":{"line":189,"column":2},"end":{"line":189,"column":57}},"86":{"start":{"line":189,"column":33},"end":{"line":189,"column":55}},"87":{"start":{"line":190,"column":2},"end":{"line":190,"column":74}},"88":{"start":{"line":190,"column":37},"end":{"line":190,"column":59}},"89":{"start":{"line":191,"column":2},"end":{"line":191,"column":44}},"90":{"start":{"line":193,"column":2},"end":{"line":198,"column":4}},"91":{"start":{"line":209,"column":25},"end":{"line":209,"column":44}},"92":{"start":{"line":210,"column":2},"end":{"line":216,"column":3}},"93":{"start":{"line":211,"column":4},"end":{"line":211,"column":49}},"94":{"start":{"line":212,"column":9},"end":{"line":216,"column":3}},"95":{"start":{"line":213,"column":4},"end":{"line":213,"column":46}},"96":{"start":{"line":214,"column":9},"end":{"line":216,"column":3}},"97":{"start":{"line":215,"column":4},"end":{"line":215,"column":45}},"98":{"start":{"line":218,"column":2},"end":{"line":218,"column":19}},"99":{"start":{"line":229,"column":19},"end":{"line":229,"column":37}},"100":{"start":{"line":231,"column":2},"end":{"line":236,"column":3}},"101":{"start":{"line":232,"column":4},"end":{"line":232,"column":26}},"102":{"start":{"line":235,"column":4},"end":{"line":235,"column":21}},"103":{"start":{"line":238,"column":2},"end":{"line":238,"column":55}},"104":{"start":{"line":238,"column":31},"end":{"line":238,"column":53}},"105":{"start":{"line":250,"column":23},"end":{"line":250,"column":88}},"106":{"start":{"line":251,"column":2},"end":{"line":255,"column":3}},"107":{"start":{"line":251,"column":15},"end":{"line":251,"column":16}},"108":{"start":{"line":252,"column":4},"end":{"line":254,"column":5}},"109":{"start":{"line":253,"column":6},"end":{"line":253,"column":19}},"110":{"start":{"line":256,"column":2},"end":{"line":256,"column":14}},"111":{"start":{"line":266,"column":18},"end":{"line":266,"column":85}},"112":{"start":{"line":266,"column":59},"end":{"line":266,"column":84}},"113":{"start":{"line":267,"column":2},"end":{"line":267,"column":56}},"114":{"start":{"line":267,"column":35},"end":{"line":267,"column":54}},"115":{"start":{"line":268,"column":2},"end":{"line":268,"column":71}},"116":{"start":{"line":268,"column":34},"end":{"line":268,"column":68}},"117":{"start":{"line":279,"column":2},"end":{"line":279,"column":86}},"118":{"start":{"line":279,"column":71},"end":{"line":279,"column":84}},"119":{"start":{"line":280,"column":2},"end":{"line":280,"column":52}},"120":{"start":{"line":291,"column":2},"end":{"line":291,"column":61}},"121":{"start":{"line":303,"column":2},"end":{"line":308,"column":3}},"122":{"start":{"line":304,"column":4},"end":{"line":304,"column":62}},"123":{"start":{"line":304,"column":36},"end":{"line":304,"column":62}},"124":{"start":{"line":305,"column":4},"end":{"line":305,"column":55}},"125":{"start":{"line":307,"column":4},"end":{"line":307,"column":49}},"126":{"start":{"line":320,"column":2},"end":{"line":325,"column":3}},"127":{"start":{"line":321,"column":4},"end":{"line":321,"column":62}},"128":{"start":{"line":321,"column":36},"end":{"line":321,"column":62}},"129":{"start":{"line":322,"column":4},"end":{"line":322,"column":53}},"130":{"start":{"line":324,"column":4},"end":{"line":324,"column":47}},"131":{"start":{"line":337,"column":2},"end":{"line":342,"column":3}},"132":{"start":{"line":338,"column":4},"end":{"line":338,"column":62}},"133":{"start":{"line":338,"column":36},"end":{"line":338,"column":62}},"134":{"start":{"line":339,"column":4},"end":{"line":339,"column":52}},"135":{"start":{"line":341,"column":4},"end":{"line":341,"column":46}},"136":{"start":{"line":354,"column":2},"end":{"line":359,"column":3}},"137":{"start":{"line":355,"column":4},"end":{"line":355,"column":62}},"138":{"start":{"line":355,"column":36},"end":{"line":355,"column":62}},"139":{"start":{"line":356,"column":4},"end":{"line":356,"column":52}},"140":{"start":{"line":358,"column":4},"end":{"line":358,"column":46}},"141":{"start":{"line":372,"column":2},"end":{"line":372,"column":70}},"142":{"start":{"line":384,"column":15},"end":{"line":384,"column":27}},"143":{"start":{"line":385,"column":2},"end":{"line":385,"column":43}},"144":{"start":{"line":385,"column":31},"end":{"line":385,"column":43}},"145":{"start":{"line":387,"column":2},"end":{"line":388,"column":63}},"146":{"start":{"line":387,"column":34},"end":{"line":387,"column":75}},"147":{"start":{"line":388,"column":7},"end":{"line":388,"column":63}},"148":{"start":{"line":410,"column":25},"end":{"line":410,"column":49}},"149":{"start":{"line":412,"column":29},"end":{"line":412,"column":54}},"150":{"start":{"line":413,"column":26},"end":{"line":413,"column":86}},"151":{"start":{"line":413,"column":57},"end":{"line":413,"column":85}},"152":{"start":{"line":414,"column":28},"end":{"line":416,"column":16}},"153":{"start":{"line":415,"column":15},"end":{"line":415,"column":43}},"154":{"start":{"line":417,"column":27},"end":{"line":417,"column":58}},"155":{"start":{"line":418,"column":2},"end":{"line":423,"column":4}},"156":{"start":{"line":434,"column":28},"end":{"line":434,"column":50}},"157":{"start":{"line":435,"column":2},"end":{"line":441,"column":3}},"158":{"start":{"line":436,"column":4},"end":{"line":436,"column":49}},"159":{"start":{"line":437,"column":9},"end":{"line":441,"column":3}},"160":{"start":{"line":438,"column":4},"end":{"line":438,"column":46}},"161":{"start":{"line":439,"column":9},"end":{"line":441,"column":3}},"162":{"start":{"line":440,"column":4},"end":{"line":440,"column":45}},"163":{"start":{"line":443,"column":2},"end":{"line":443,"column":19}},"164":{"start":{"line":454,"column":25},"end":{"line":454,"column":49}},"165":{"start":{"line":455,"column":2},"end":{"line":459,"column":3}},"166":{"start":{"line":456,"column":4},"end":{"line":456,"column":29}},"167":{"start":{"line":458,"column":4},"end":{"line":458,"column":21}},"168":{"start":{"line":461,"column":2},"end":{"line":461,"column":70}},"169":{"start":{"line":461,"column":40},"end":{"line":461,"column":68}},"170":{"start":{"line":470,"column":25},"end":{"line":470,"column":49}},"171":{"start":{"line":473,"column":2},"end":{"line":480,"column":3}},"172":{"start":{"line":473,"column":35},"end":{"line":473,"column":49}},"173":{"start":{"line":477,"column":4},"end":{"line":479,"column":22}},"174":{"start":{"line":478,"column":6},"end":{"line":478,"column":57}},"175":{"start":{"line":482,"column":2},"end":{"line":482,"column":30}},"176":{"start":{"line":494,"column":21},"end":{"line":494,"column":37}},"177":{"start":{"line":495,"column":2},"end":{"line":495,"column":43}},"178":{"start":{"line":495,"column":31},"end":{"line":495,"column":43}},"179":{"start":{"line":497,"column":31},"end":{"line":497,"column":51}},"180":{"start":{"line":499,"column":2},"end":{"line":499,"column":42}},"181":{"start":{"line":501,"column":25},"end":{"line":501,"column":49}},"182":{"start":{"line":502,"column":27},"end":{"line":502,"column":75}},"183":{"start":{"line":504,"column":2},"end":{"line":504,"column":31}},"184":{"start":{"line":506,"column":2},"end":{"line":506,"column":22}},"185":{"start":{"line":518,"column":25},"end":{"line":518,"column":61}},"186":{"start":{"line":519,"column":20},"end":{"line":519,"column":45}},"187":{"start":{"line":520,"column":4},"end":{"line":522,"column":5}},"188":{"start":{"line":521,"column":6},"end":{"line":521,"column":34}},"189":{"start":{"line":523,"column":4},"end":{"line":523,"column":27}},"190":{"start":{"line":525,"column":2},"end":{"line":531,"column":5}},"191":{"start":{"line":526,"column":4},"end":{"line":530,"column":6}},"192":{"start":{"line":542,"column":2},"end":{"line":544,"column":3}},"193":{"start":{"line":543,"column":4},"end":{"line":543,"column":39}},"194":{"start":{"line":545,"column":19},"end":{"line":545,"column":40}},"195":{"start":{"line":546,"column":20},"end":{"line":546,"column":42}},"196":{"start":{"line":547,"column":17},"end":{"line":547,"column":36}},"197":{"start":{"line":548,"column":24},"end":{"line":548,"column":50}},"198":{"start":{"line":549,"column":2},"end":{"line":551,"column":3}},"199":{"start":{"line":550,"column":4},"end":{"line":550,"column":69}},"200":{"start":{"line":552,"column":2},"end":{"line":554,"column":3}},"201":{"start":{"line":553,"column":4},"end":{"line":553,"column":51}},"202":{"start":{"line":555,"column":2},"end":{"line":557,"column":3}},"203":{"start":{"line":556,"column":4},"end":{"line":556,"column":46}},"204":{"start":{"line":558,"column":2},"end":{"line":560,"column":3}},"205":{"start":{"line":559,"column":4},"end":{"line":559,"column":59}},"206":{"start":{"line":561,"column":18},"end":{"line":561,"column":35}},"207":{"start":{"line":562,"column":2},"end":{"line":572,"column":3}},"208":{"start":{"line":562,"column":15},"end":{"line":562,"column":16}},"209":{"start":{"line":563,"column":23},"end":{"line":563,"column":46}},"210":{"start":{"line":564,"column":4},"end":{"line":566,"column":5}},"211":{"start":{"line":565,"column":6},"end":{"line":565,"column":76}},"212":{"start":{"line":567,"column":18},"end":{"line":567,"column":42}},"213":{"start":{"line":568,"column":4},"end":{"line":570,"column":5}},"214":{"start":{"line":569,"column":6},"end":{"line":569,"column":57}},"215":{"start":{"line":571,"column":4},"end":{"line":571,"column":23}},"216":{"start":{"line":573,"column":19},"end":{"line":573,"column":24}},"217":{"start":{"line":574,"column":2},"end":{"line":579,"column":3}},"218":{"start":{"line":574,"column":15},"end":{"line":574,"column":16}},"219":{"start":{"line":575,"column":4},"end":{"line":578,"column":5}},"220":{"start":{"line":576,"column":6},"end":{"line":576,"column":24}},"221":{"start":{"line":577,"column":6},"end":{"line":577,"column":12}},"222":{"start":{"line":580,"column":2},"end":{"line":582,"column":3}},"223":{"start":{"line":581,"column":4},"end":{"line":581,"column":67}},"224":{"start":{"line":584,"column":20},"end":{"line":584,"column":42}},"225":{"start":{"line":585,"column":15},"end":{"line":587,"column":4}},"226":{"start":{"line":586,"column":4},"end":{"line":586,"column":31}},"227":{"start":{"line":588,"column":2},"end":{"line":596,"column":3}},"228":{"start":{"line":589,"column":20},"end":{"line":589,"column":21}},"229":{"start":{"line":590,"column":4},"end":{"line":592,"column":5}},"230":{"start":{"line":590,"column":17},"end":{"line":590,"column":18}},"231":{"start":{"line":591,"column":6},"end":{"line":591,"column":47}},"232":{"start":{"line":593,"column":4},"end":{"line":595,"column":5}},"233":{"start":{"line":594,"column":6},"end":{"line":594,"column":85}},"234":{"start":{"line":597,"column":2},"end":{"line":597,"column":19}},"235":{"start":{"line":607,"column":2},"end":{"line":609,"column":3}},"236":{"start":{"line":608,"column":4},"end":{"line":608,"column":13}},"237":{"start":{"line":610,"column":14},"end":{"line":610,"column":23}},"238":{"start":{"line":611,"column":2},"end":{"line":615,"column":3}},"239":{"start":{"line":611,"column":15},"end":{"line":611,"column":16}},"240":{"start":{"line":612,"column":4},"end":{"line":614,"column":5}},"241":{"start":{"line":613,"column":6},"end":{"line":613,"column":43}},"242":{"start":{"line":616,"column":2},"end":{"line":616,"column":19}},"243":{"start":{"line":625,"column":2},"end":{"line":625,"column":59}},"244":{"start":{"line":625,"column":38},"end":{"line":625,"column":57}},"245":{"start":{"line":634,"column":2},"end":{"line":634,"column":64}},"246":{"start":{"line":634,"column":40},"end":{"line":634,"column":62}},"247":{"start":{"line":646,"column":19},"end":{"line":646,"column":21}},"248":{"start":{"line":647,"column":2},"end":{"line":650,"column":4}},"249":{"start":{"line":648,"column":4},"end":{"line":649,"column":24}}},"fnMap":{"0":{"name":"checkUserId","decl":{"start":{"line":31,"column":16},"end":{"line":31,"column":27}},"loc":{"start":{"line":31,"column":42},"end":{"line":46,"column":1}}},"1":{"name":"(anonymous_11)","decl":{"start":{"line":37,"column":40},"end":{"line":37,"column":44}},"loc":{"start":{"line":37,"column":48},"end":{"line":37,"column":70}}},"2":{"name":"(anonymous_12)","decl":{"start":{"line":38,"column":44},"end":{"line":38,"column":48}},"loc":{"start":{"line":38,"column":52},"end":{"line":38,"column":74}}},"3":{"name":"doUserIdCheck","decl":{"start":{"line":55,"column":16},"end":{"line":55,"column":29}},"loc":{"start":{"line":55,"column":44},"end":{"line":66,"column":1}}},"4":{"name":"findUser","decl":{"start":{"line":75,"column":16},"end":{"line":75,"column":24}},"loc":{"start":{"line":75,"column":39},"end":{"line":88,"column":1}}},"5":{"name":"(anonymous_15)","decl":{"start":{"line":85,"column":32},"end":{"line":85,"column":36}},"loc":{"start":{"line":85,"column":40},"end":{"line":85,"column":62}}},"6":{"name":"adminQuizCreateErrorChecks","decl":{"start":{"line":101,"column":16},"end":{"line":101,"column":42}},"loc":{"start":{"line":102,"column":51},"end":{"line":156,"column":1}}},"7":{"name":"(anonymous_17)","decl":{"start":{"line":139,"column":76},"end":{"line":139,"column":77}},"loc":{"start":{"line":139,"column":95},"end":{"line":142,"column":3}}},"8":{"name":"checkQuizId","decl":{"start":{"line":174,"column":16},"end":{"line":174,"column":27}},"loc":{"start":{"line":174,"column":34},"end":{"line":199,"column":1}}},"9":{"name":"(anonymous_19)","decl":{"start":{"line":189,"column":25},"end":{"line":189,"column":29}},"loc":{"start":{"line":189,"column":33},"end":{"line":189,"column":55}}},"10":{"name":"(anonymous_20)","decl":{"start":{"line":190,"column":29},"end":{"line":190,"column":33}},"loc":{"start":{"line":190,"column":37},"end":{"line":190,"column":59}}},"11":{"name":"doQuizIdCheck","decl":{"start":{"line":208,"column":16},"end":{"line":208,"column":29}},"loc":{"start":{"line":208,"column":36},"end":{"line":219,"column":1}}},"12":{"name":"findQuiz","decl":{"start":{"line":228,"column":16},"end":{"line":228,"column":24}},"loc":{"start":{"line":228,"column":31},"end":{"line":239,"column":1}}},"13":{"name":"(anonymous_23)","decl":{"start":{"line":238,"column":23},"end":{"line":238,"column":27}},"loc":{"start":{"line":238,"column":31},"end":{"line":238,"column":53}}},"14":{"name":"checkValidCharacters","decl":{"start":{"line":249,"column":16},"end":{"line":249,"column":36}},"loc":{"start":{"line":249,"column":41},"end":{"line":257,"column":1}}},"15":{"name":"getQuizList","decl":{"start":{"line":265,"column":16},"end":{"line":265,"column":27}},"loc":{"start":{"line":265,"column":42},"end":{"line":269,"column":1}}},"16":{"name":"(anonymous_26)","decl":{"start":{"line":266,"column":44},"end":{"line":266,"column":45}},"loc":{"start":{"line":266,"column":59},"end":{"line":266,"column":84}}},"17":{"name":"(anonymous_27)","decl":{"start":{"line":267,"column":15},"end":{"line":267,"column":16}},"loc":{"start":{"line":267,"column":35},"end":{"line":267,"column":54}}},"18":{"name":"(anonymous_28)","decl":{"start":{"line":268,"column":21},"end":{"line":268,"column":22}},"loc":{"start":{"line":268,"column":34},"end":{"line":268,"column":68}}},"19":{"name":"usedBeforePasswords","decl":{"start":{"line":278,"column":16},"end":{"line":278,"column":35}},"loc":{"start":{"line":278,"column":53},"end":{"line":281,"column":1}}},"20":{"name":"doPasswordCheck","decl":{"start":{"line":290,"column":16},"end":{"line":290,"column":31}},"loc":{"start":{"line":290,"column":40},"end":{"line":292,"column":1}}},"21":{"name":"deleteReq","decl":{"start":{"line":302,"column":16},"end":{"line":302,"column":25}},"loc":{"start":{"line":302,"column":55},"end":{"line":309,"column":1}}},"22":{"name":"postReq","decl":{"start":{"line":319,"column":16},"end":{"line":319,"column":23}},"loc":{"start":{"line":319,"column":53},"end":{"line":326,"column":1}}},"23":{"name":"getReq","decl":{"start":{"line":336,"column":16},"end":{"line":336,"column":22}},"loc":{"start":{"line":336,"column":52},"end":{"line":343,"column":1}}},"24":{"name":"putReq","decl":{"start":{"line":353,"column":16},"end":{"line":353,"column":22}},"loc":{"start":{"line":353,"column":52},"end":{"line":360,"column":1}}},"25":{"name":"getBody","decl":{"start":{"line":370,"column":16},"end":{"line":370,"column":23}},"loc":{"start":{"line":370,"column":37},"end":{"line":373,"column":1}}},"26":{"name":"getSeshId","decl":{"start":{"line":383,"column":16},"end":{"line":383,"column":25}},"loc":{"start":{"line":383,"column":39},"end":{"line":389,"column":1}}},"27":{"name":"checkSessionId","decl":{"start":{"line":407,"column":16},"end":{"line":407,"column":30}},"loc":{"start":{"line":407,"column":45},"end":{"line":424,"column":1}}},"28":{"name":"(anonymous_38)","decl":{"start":{"line":413,"column":46},"end":{"line":413,"column":53}},"loc":{"start":{"line":413,"column":57},"end":{"line":413,"column":85}}},"29":{"name":"(anonymous_39)","decl":{"start":{"line":415,"column":4},"end":{"line":415,"column":11}},"loc":{"start":{"line":415,"column":15},"end":{"line":415,"column":43}}},"30":{"name":"doSessionIdCheck","decl":{"start":{"line":433,"column":16},"end":{"line":433,"column":32}},"loc":{"start":{"line":433,"column":47},"end":{"line":444,"column":1}}},"31":{"name":"findSession","decl":{"start":{"line":453,"column":16},"end":{"line":453,"column":27}},"loc":{"start":{"line":453,"column":42},"end":{"line":462,"column":1}}},"32":{"name":"(anonymous_42)","decl":{"start":{"line":461,"column":29},"end":{"line":461,"column":36}},"loc":{"start":{"line":461,"column":40},"end":{"line":461,"column":68}}},"33":{"name":"getUniqueSessionId","decl":{"start":{"line":469,"column":16},"end":{"line":469,"column":34}},"loc":{"start":{"line":469,"column":34},"end":{"line":483,"column":1}}},"34":{"name":"(anonymous_44)","decl":{"start":{"line":477,"column":45},"end":{"line":477,"column":46}},"loc":{"start":{"line":477,"column":58},"end":{"line":479,"column":5}}},"35":{"name":"startSession","decl":{"start":{"line":493,"column":16},"end":{"line":493,"column":28}},"loc":{"start":{"line":493,"column":43},"end":{"line":507,"column":1}}},"36":{"name":"randomizeColors","decl":{"start":{"line":515,"column":16},"end":{"line":515,"column":31}},"loc":{"start":{"line":515,"column":90},"end":{"line":532,"column":1}}},"37":{"name":"randomizeColor","decl":{"start":{"line":517,"column":11},"end":{"line":517,"column":25}},"loc":{"start":{"line":517,"column":25},"end":{"line":524,"column":3}}},"38":{"name":"(anonymous_48)","decl":{"start":{"line":525,"column":27},"end":{"line":525,"column":36}},"loc":{"start":{"line":525,"column":42},"end":{"line":531,"column":3}}},"39":{"name":"checkQuestionBody","decl":{"start":{"line":541,"column":16},"end":{"line":541,"column":33}},"loc":{"start":{"line":541,"column":67},"end":{"line":598,"column":1}}},"40":{"name":"(anonymous_50)","decl":{"start":{"line":585,"column":44},"end":{"line":585,"column":53}},"loc":{"start":{"line":585,"column":59},"end":{"line":587,"column":3}}},"41":{"name":"getQuestionId","decl":{"start":{"line":606,"column":16},"end":{"line":606,"column":29}},"loc":{"start":{"line":606,"column":39},"end":{"line":617,"column":1}}},"42":{"name":"findQuizbyID","decl":{"start":{"line":624,"column":16},"end":{"line":624,"column":28}},"loc":{"start":{"line":624,"column":43},"end":{"line":626,"column":1}}},"43":{"name":"(anonymous_53)","decl":{"start":{"line":625,"column":33},"end":{"line":625,"column":34}},"loc":{"start":{"line":625,"column":38},"end":{"line":625,"column":57}}},"44":{"name":"getQuizzesByUser","decl":{"start":{"line":633,"column":16},"end":{"line":633,"column":32}},"loc":{"start":{"line":633,"column":47},"end":{"line":635,"column":1}}},"45":{"name":"(anonymous_55)","decl":{"start":{"line":634,"column":35},"end":{"line":634,"column":36}},"loc":{"start":{"line":634,"column":40},"end":{"line":634,"column":62}}},"46":{"name":"getActiveGamesForQuiz","decl":{"start":{"line":641,"column":16},"end":{"line":641,"column":37}},"loc":{"start":{"line":641,"column":52},"end":{"line":651,"column":1}}},"47":{"name":"(anonymous_57)","decl":{"start":{"line":647,"column":25},"end":{"line":647,"column":26}},"loc":{"start":{"line":648,"column":4},"end":{"line":649,"column":24}}}},"branchMap":{"0":{"loc":{"start":{"line":39,"column":27},"end":{"line":39,"column":58}},"type":"binary-expr","locations":[{"start":{"line":39,"column":27},"end":{"line":39,"column":36}},{"start":{"line":39,"column":40},"end":{"line":39,"column":46}},{"start":{"line":39,"column":50},"end":{"line":39,"column":58}}]},"1":{"loc":{"start":{"line":57,"column":2},"end":{"line":63,"column":3}},"type":"if","locations":[{"start":{"line":57,"column":2},"end":{"line":63,"column":3}},{"start":{"line":59,"column":9},"end":{"line":63,"column":3}}]},"2":{"loc":{"start":{"line":59,"column":9},"end":{"line":63,"column":3}},"type":"if","locations":[{"start":{"line":59,"column":9},"end":{"line":63,"column":3}},{"start":{"line":61,"column":9},"end":{"line":63,"column":3}}]},"3":{"loc":{"start":{"line":61,"column":9},"end":{"line":63,"column":3}},"type":"if","locations":[{"start":{"line":61,"column":9},"end":{"line":63,"column":3}}]},"4":{"loc":{"start":{"line":86,"column":2},"end":{"line":87,"column":60}},"type":"if","locations":[{"start":{"line":86,"column":2},"end":{"line":87,"column":60}},{"start":{"line":87,"column":7},"end":{"line":87,"column":60}}]},"5":{"loc":{"start":{"line":105,"column":2},"end":{"line":117,"column":3}},"type":"if","locations":[{"start":{"line":105,"column":2},"end":{"line":117,"column":3}},{"start":{"line":109,"column":9},"end":{"line":117,"column":3}}]},"6":{"loc":{"start":{"line":109,"column":9},"end":{"line":117,"column":3}},"type":"if","locations":[{"start":{"line":109,"column":9},"end":{"line":117,"column":3}},{"start":{"line":113,"column":9},"end":{"line":117,"column":3}}]},"7":{"loc":{"start":{"line":113,"column":9},"end":{"line":117,"column":3}},"type":"if","locations":[{"start":{"line":113,"column":9},"end":{"line":117,"column":3}}]},"8":{"loc":{"start":{"line":120,"column":2},"end":{"line":124,"column":3}},"type":"if","locations":[{"start":{"line":120,"column":2},"end":{"line":124,"column":3}}]},"9":{"loc":{"start":{"line":127,"column":2},"end":{"line":135,"column":3}},"type":"if","locations":[{"start":{"line":127,"column":2},"end":{"line":135,"column":3}},{"start":{"line":131,"column":9},"end":{"line":135,"column":3}}]},"10":{"loc":{"start":{"line":131,"column":9},"end":{"line":135,"column":3}},"type":"if","locations":[{"start":{"line":131,"column":9},"end":{"line":135,"column":3}}]},"11":{"loc":{"start":{"line":139,"column":2},"end":{"line":146,"column":3}},"type":"if","locations":[{"start":{"line":139,"column":2},"end":{"line":146,"column":3}}]},"12":{"loc":{"start":{"line":139,"column":6},"end":{"line":142,"column":4}},"type":"binary-expr","locations":[{"start":{"line":139,"column":6},"end":{"line":139,"column":10}},{"start":{"line":139,"column":15},"end":{"line":139,"column":40}},{"start":{"line":139,"column":45},"end":{"line":142,"column":4}}]},"13":{"loc":{"start":{"line":141,"column":11},"end":{"line":141,"column":37}},"type":"binary-expr","locations":[{"start":{"line":141,"column":11},"end":{"line":141,"column":15}},{"start":{"line":141,"column":19},"end":{"line":141,"column":37}}]},"14":{"loc":{"start":{"line":149,"column":2},"end":{"line":153,"column":3}},"type":"if","locations":[{"start":{"line":149,"column":2},"end":{"line":153,"column":3}}]},"15":{"loc":{"start":{"line":179,"column":2},"end":{"line":187,"column":3}},"type":"if","locations":[{"start":{"line":179,"column":2},"end":{"line":187,"column":3}}]},"16":{"loc":{"start":{"line":191,"column":12},"end":{"line":191,"column":43}},"type":"binary-expr","locations":[{"start":{"line":191,"column":12},"end":{"line":191,"column":21}},{"start":{"line":191,"column":25},"end":{"line":191,"column":31}},{"start":{"line":191,"column":35},"end":{"line":191,"column":43}}]},"17":{"loc":{"start":{"line":210,"column":2},"end":{"line":216,"column":3}},"type":"if","locations":[{"start":{"line":210,"column":2},"end":{"line":216,"column":3}},{"start":{"line":212,"column":9},"end":{"line":216,"column":3}}]},"18":{"loc":{"start":{"line":212,"column":9},"end":{"line":216,"column":3}},"type":"if","locations":[{"start":{"line":212,"column":9},"end":{"line":216,"column":3}},{"start":{"line":214,"column":9},"end":{"line":216,"column":3}}]},"19":{"loc":{"start":{"line":214,"column":9},"end":{"line":216,"column":3}},"type":"if","locations":[{"start":{"line":214,"column":9},"end":{"line":216,"column":3}}]},"20":{"loc":{"start":{"line":252,"column":4},"end":{"line":254,"column":5}},"type":"if","locations":[{"start":{"line":252,"column":4},"end":{"line":254,"column":5}}]},"21":{"loc":{"start":{"line":279,"column":2},"end":{"line":279,"column":86}},"type":"if","locations":[{"start":{"line":279,"column":2},"end":{"line":279,"column":86}}]},"22":{"loc":{"start":{"line":279,"column":6},"end":{"line":279,"column":67}},"type":"binary-expr","locations":[{"start":{"line":279,"column":6},"end":{"line":279,"column":27}},{"start":{"line":279,"column":31},"end":{"line":279,"column":67}}]},"23":{"loc":{"start":{"line":291,"column":9},"end":{"line":291,"column":60}},"type":"binary-expr","locations":[{"start":{"line":291,"column":9},"end":{"line":291,"column":34}},{"start":{"line":291,"column":38},"end":{"line":291,"column":60}}]},"24":{"loc":{"start":{"line":303,"column":2},"end":{"line":308,"column":3}},"type":"if","locations":[{"start":{"line":303,"column":2},"end":{"line":308,"column":3}},{"start":{"line":306,"column":9},"end":{"line":308,"column":3}}]},"25":{"loc":{"start":{"line":304,"column":4},"end":{"line":304,"column":62}},"type":"if","locations":[{"start":{"line":304,"column":4},"end":{"line":304,"column":62}}]},"26":{"loc":{"start":{"line":320,"column":2},"end":{"line":325,"column":3}},"type":"if","locations":[{"start":{"line":320,"column":2},"end":{"line":325,"column":3}},{"start":{"line":323,"column":9},"end":{"line":325,"column":3}}]},"27":{"loc":{"start":{"line":321,"column":4},"end":{"line":321,"column":62}},"type":"if","locations":[{"start":{"line":321,"column":4},"end":{"line":321,"column":62}}]},"28":{"loc":{"start":{"line":337,"column":2},"end":{"line":342,"column":3}},"type":"if","locations":[{"start":{"line":337,"column":2},"end":{"line":342,"column":3}},{"start":{"line":340,"column":9},"end":{"line":342,"column":3}}]},"29":{"loc":{"start":{"line":338,"column":4},"end":{"line":338,"column":62}},"type":"if","locations":[{"start":{"line":338,"column":4},"end":{"line":338,"column":62}}]},"30":{"loc":{"start":{"line":354,"column":2},"end":{"line":359,"column":3}},"type":"if","locations":[{"start":{"line":354,"column":2},"end":{"line":359,"column":3}},{"start":{"line":357,"column":9},"end":{"line":359,"column":3}}]},"31":{"loc":{"start":{"line":355,"column":4},"end":{"line":355,"column":62}},"type":"if","locations":[{"start":{"line":355,"column":4},"end":{"line":355,"column":62}}]},"32":{"loc":{"start":{"line":372,"column":20},"end":{"line":372,"column":68}},"type":"cond-expr","locations":[{"start":{"line":372,"column":40},"end":{"line":372,"column":44}},{"start":{"line":372,"column":44},"end":{"line":372,"column":68}}]},"33":{"loc":{"start":{"line":372,"column":20},"end":{"line":372,"column":44}},"type":"binary-expr","locations":[{"start":{"line":372,"column":20},"end":{"line":372,"column":44}},{"start":{"line":372,"column":40},"end":{"line":372,"column":44}}]},"34":{"loc":{"start":{"line":372,"column":20},"end":{"line":372,"column":40}},"type":"cond-expr","locations":[{"start":{"line":372,"column":28},"end":{"line":372,"column":30}},{"start":{"line":372,"column":28},"end":{"line":372,"column":40}}]},"35":{"loc":{"start":{"line":372,"column":20},"end":{"line":372,"column":30}},"type":"binary-expr","locations":[{"start":{"line":372,"column":20},"end":{"line":372,"column":30}},{"start":{"line":372,"column":28},"end":{"line":372,"column":30}}]},"36":{"loc":{"start":{"line":385,"column":2},"end":{"line":385,"column":43}},"type":"if","locations":[{"start":{"line":385,"column":2},"end":{"line":385,"column":43}}]},"37":{"loc":{"start":{"line":387,"column":2},"end":{"line":388,"column":63}},"type":"if","locations":[{"start":{"line":387,"column":2},"end":{"line":388,"column":63}},{"start":{"line":388,"column":7},"end":{"line":388,"column":63}}]},"38":{"loc":{"start":{"line":417,"column":27},"end":{"line":417,"column":58}},"type":"binary-expr","locations":[{"start":{"line":417,"column":27},"end":{"line":417,"column":36}},{"start":{"line":417,"column":40},"end":{"line":417,"column":46}},{"start":{"line":417,"column":50},"end":{"line":417,"column":58}}]},"39":{"loc":{"start":{"line":435,"column":2},"end":{"line":441,"column":3}},"type":"if","locations":[{"start":{"line":435,"column":2},"end":{"line":441,"column":3}},{"start":{"line":437,"column":9},"end":{"line":441,"column":3}}]},"40":{"loc":{"start":{"line":437,"column":9},"end":{"line":441,"column":3}},"type":"if","locations":[{"start":{"line":437,"column":9},"end":{"line":441,"column":3}},{"start":{"line":439,"column":9},"end":{"line":441,"column":3}}]},"41":{"loc":{"start":{"line":439,"column":9},"end":{"line":441,"column":3}},"type":"if","locations":[{"start":{"line":439,"column":9},"end":{"line":441,"column":3}}]},"42":{"loc":{"start":{"line":473,"column":2},"end":{"line":480,"column":3}},"type":"if","locations":[{"start":{"line":473,"column":2},"end":{"line":480,"column":3}},{"start":{"line":476,"column":7},"end":{"line":480,"column":3}}]},"43":{"loc":{"start":{"line":478,"column":13},"end":{"line":478,"column":56}},"type":"cond-expr","locations":[{"start":{"line":478,"column":47},"end":{"line":478,"column":50}},{"start":{"line":478,"column":53},"end":{"line":478,"column":56}}]},"44":{"loc":{"start":{"line":495,"column":2},"end":{"line":495,"column":43}},"type":"if","locations":[{"start":{"line":495,"column":2},"end":{"line":495,"column":43}}]},"45":{"loc":{"start":{"line":542,"column":2},"end":{"line":544,"column":3}},"type":"if","locations":[{"start":{"line":542,"column":2},"end":{"line":544,"column":3}}]},"46":{"loc":{"start":{"line":542,"column":6},"end":{"line":542,"column":63}},"type":"binary-expr","locations":[{"start":{"line":542,"column":6},"end":{"line":542,"column":38}},{"start":{"line":542,"column":42},"end":{"line":542,"column":63}}]},"47":{"loc":{"start":{"line":549,"column":2},"end":{"line":551,"column":3}},"type":"if","locations":[{"start":{"line":549,"column":2},"end":{"line":551,"column":3}}]},"48":{"loc":{"start":{"line":549,"column":6},"end":{"line":549,"column":81}},"type":"binary-expr","locations":[{"start":{"line":549,"column":6},"end":{"line":549,"column":34}},{"start":{"line":549,"column":38},"end":{"line":549,"column":57}},{"start":{"line":549,"column":61},"end":{"line":549,"column":81}}]},"49":{"loc":{"start":{"line":552,"column":2},"end":{"line":554,"column":3}},"type":"if","locations":[{"start":{"line":552,"column":2},"end":{"line":554,"column":3}}]},"50":{"loc":{"start":{"line":552,"column":6},"end":{"line":552,"column":53}},"type":"binary-expr","locations":[{"start":{"line":552,"column":6},"end":{"line":552,"column":35}},{"start":{"line":552,"column":39},"end":{"line":552,"column":53}}]},"51":{"loc":{"start":{"line":555,"column":2},"end":{"line":557,"column":3}},"type":"if","locations":[{"start":{"line":555,"column":2},"end":{"line":557,"column":3}}]},"52":{"loc":{"start":{"line":555,"column":6},"end":{"line":555,"column":61}},"type":"binary-expr","locations":[{"start":{"line":555,"column":6},"end":{"line":555,"column":32}},{"start":{"line":555,"column":36},"end":{"line":555,"column":46}},{"start":{"line":555,"column":50},"end":{"line":555,"column":61}}]},"53":{"loc":{"start":{"line":558,"column":2},"end":{"line":560,"column":3}},"type":"if","locations":[{"start":{"line":558,"column":2},"end":{"line":560,"column":3}}]},"54":{"loc":{"start":{"line":558,"column":6},"end":{"line":558,"column":91}},"type":"binary-expr","locations":[{"start":{"line":558,"column":6},"end":{"line":558,"column":35}},{"start":{"line":558,"column":39},"end":{"line":558,"column":63}},{"start":{"line":558,"column":67},"end":{"line":558,"column":91}}]},"55":{"loc":{"start":{"line":564,"column":4},"end":{"line":566,"column":5}},"type":"if","locations":[{"start":{"line":564,"column":4},"end":{"line":566,"column":5}}]},"56":{"loc":{"start":{"line":564,"column":8},"end":{"line":564,"column":89}},"type":"binary-expr","locations":[{"start":{"line":564,"column":8},"end":{"line":564,"column":38}},{"start":{"line":564,"column":42},"end":{"line":564,"column":63}},{"start":{"line":564,"column":67},"end":{"line":564,"column":89}}]},"57":{"loc":{"start":{"line":568,"column":4},"end":{"line":570,"column":5}},"type":"if","locations":[{"start":{"line":568,"column":4},"end":{"line":570,"column":5}}]},"58":{"loc":{"start":{"line":575,"column":4},"end":{"line":578,"column":5}},"type":"if","locations":[{"start":{"line":575,"column":4},"end":{"line":578,"column":5}}]},"59":{"loc":{"start":{"line":580,"column":2},"end":{"line":582,"column":3}},"type":"if","locations":[{"start":{"line":580,"column":2},"end":{"line":582,"column":3}}]},"60":{"loc":{"start":{"line":588,"column":2},"end":{"line":596,"column":3}},"type":"if","locations":[{"start":{"line":588,"column":2},"end":{"line":596,"column":3}}]},"61":{"loc":{"start":{"line":588,"column":6},"end":{"line":588,"column":61}},"type":"binary-expr","locations":[{"start":{"line":588,"column":6},"end":{"line":588,"column":10}},{"start":{"line":588,"column":14},"end":{"line":588,"column":28}},{"start":{"line":588,"column":32},"end":{"line":588,"column":61}}]},"62":{"loc":{"start":{"line":593,"column":4},"end":{"line":595,"column":5}},"type":"if","locations":[{"start":{"line":593,"column":4},"end":{"line":595,"column":5}}]},"63":{"loc":{"start":{"line":607,"column":2},"end":{"line":609,"column":3}},"type":"if","locations":[{"start":{"line":607,"column":2},"end":{"line":609,"column":3}}]},"64":{"loc":{"start":{"line":607,"column":6},"end":{"line":607,"column":86}},"type":"binary-expr","locations":[{"start":{"line":607,"column":6},"end":{"line":607,"column":21}},{"start":{"line":607,"column":25},"end":{"line":607,"column":55}},{"start":{"line":607,"column":59},"end":{"line":607,"column":86}}]},"65":{"loc":{"start":{"line":612,"column":4},"end":{"line":614,"column":5}},"type":"if","locations":[{"start":{"line":612,"column":4},"end":{"line":614,"column":5}}]},"66":{"loc":{"start":{"line":648,"column":4},"end":{"line":649,"column":24}},"type":"binary-expr","locations":[{"start":{"line":648,"column":4},"end":{"line":648,"column":26}},{"start":{"line":649,"column":4},"end":{"line":649,"column":24}}]}},"s":{"0":1,"1":1,"2":1,"3":1,"4":1,"5":1,"6":1,"7":1,"8":1,"9":1,"10":1,"11":1,"12":1,"13":1,"14":1,"15":1,"16":1,"17":1,"18":1,"19":1,"20":1,"21":1,"22":1,"23":1,"24":1,"25":1,"26":1,"27":1,"28":1,"29":1,"30":1,"31":1,"32":1,"33":1,"34":0,"35":0,"36":0,"37":0,"38":0,"39":0,"40":0,"41":0,"42":0,"43":0,"44":0,"45":0,"46":0,"47":0,"48":0,"49":0,"50":0,"51":0,"52":0,"53":0,"54":0,"55":0,"56":0,"57":0,"58":0,"59":0,"60":0,"61":0,"62":0,"63":0,"64":0,"65":0,"66":0,"67":0,"68":0,"69":0,"70":0,"71":0,"72":0,"73":0,"74":0,"75":0,"76":0,"77":0,"78":0,"79":0,"80":0,"81":0,"82":0,"83":0,"84":0,"85":0,"86":0,"87":0,"88":0,"89":0,"90":0,"91":0,"92":0,"93":0,"94":0,"95":0,"96":0,"97":0,"98":0,"99":0,"100":0,"101":0,"102":0,"103":0,"104":0,"105":0,"106":0,"107":0,"108":0,"109":0,"110":0,"111":0,"112":0,"113":0,"114":0,"115":0,"116":0,"117":0,"118":0,"119":0,"120":0,"121":2,"122":0,"123":0,"124":0,"125":2,"126":19,"127":19,"128":19,"129":19,"130":0,"131":0,"132":0,"133":0,"134":0,"135":0,"136":0,"137":0,"138":0,"139":0,"140":0,"141":9,"142":3,"143":3,"144":0,"145":3,"146":3,"147":0,"148":0,"149":0,"150":0,"151":0,"152":0,"153":0,"154":0,"155":0,"156":0,"157":0,"158":0,"159":0,"160":0,"161":0,"162":0,"163":0,"164":0,"165":0,"166":0,"167":0,"168":0,"169":0,"170":0,"171":0,"172":0,"173":0,"174":0,"175":0,"176":0,"177":0,"178":0,"179":0,"180":0,"181":0,"182":0,"183":0,"184":0,"185":0,"186":0,"187":0,"188":0,"189":0,"190":0,"191":0,"192":0,"193":0,"194":0,"195":0,"196":0,"197":0,"198":0,"199":0,"200":0,"201":0,"202":0,"203":0,"204":0,"205":0,"206":0,"207":0,"208":0,"209":0,"210":0,"211":0,"212":0,"213":0,"214":0,"215":0,"216":0,"217":0,"218":0,"219":0,"220":0,"221":0,"222":0,"223":0,"224":0,"225":0,"226":0,"227":0,"228":0,"229":0,"230":0,"231":0,"232":0,"233":0,"234":0,"235":0,"236":0,"237":0,"238":0,"239":0,"240":0,"241":0,"242":0,"243":0,"244":0,"245":0,"246":0,"247":0,"248":0,"249":0},"f":{"0":0,"1":0,"2":0,"3":0,"4":0,"5":0,"6":0,"7":0,"8":0,"9":0,"10":0,"11":0,"12":0,"13":0,"14":0,"15":0,"16":0,"17":0,"18":0,"19":0,"20":0,"21":2,"22":19,"23":0,"24":0,"25":9,"26":3,"27":0,"28":0,"29":0,"30":0,"31":0,"32":0,"33":0,"34":0,"35":0,"36":0,"37":0,"38":0,"39":0,"40":0,"41":0,"42":0,"43":0,"44":0,"45":0,"46":0,"47":0},"b":{"0":[0,0,0],"1":[0,0],"2":[0,0],"3":[0],"4":[0,0],"5":[0,0],"6":[0,0],"7":[0],"8":[0],"9":[0,0],"10":[0],"11":[0],"12":[0,0,0],"13":[0,0],"14":[0],"15":[0],"16":[0,0,0],"17":[0,0],"18":[0,0],"19":[0],"20":[0],"21":[0],"22":[0,0],"23":[0,0],"24":[0,2],"25":[0],"26":[19,0],"27":[19],"28":[0,0],"29":[0],"30":[0,0],"31":[0],"32":[9,0],"33":[9,9],"34":[0,9],"35":[9,9],"36":[0],"37":[3,0],"38":[0,0,0],"39":[0,0],"40":[0,0],"41":[0],"42":[0,0],"43":[0,0],"44":[0],"45":[0],"46":[0,0],"47":[0],"48":[0,0,0],"49":[0],"50":[0,0],"51":[0],"52":[0,0,0],"53":[0],"54":[0,0,0],"55":[0],"56":[0,0,0],"57":[0],"58":[0],"59":[0],"60":[0],"61":[0,0,0],"62":[0],"63":[0],"64":[0,0,0],"65":[0],"66":[0,0]}}
,"/home/abdoali/comp1531/project-backend/src/types.ts": {"path":"/home/abdoali/comp1531/project-backend/src/types.ts","statementMap":{"0":{"start":{"line":13,"column":0},"end":{"line":13,"column":16}},"1":{"start":{"line":44,"column":0},"end":{"line":44,"column":16}},"2":{"start":{"line":82,"column":0},"end":{"line":82,"column":16}},"3":{"start":{"line":104,"column":0},"end":{"line":104,"column":16}},"4":{"start":{"line":120,"column":0},"end":{"line":120,"column":16}},"5":{"start":{"line":145,"column":0},"end":{"line":145,"column":16}},"6":{"start":{"line":163,"column":0},"end":{"line":163,"column":16}},"7":{"start":{"line":15,"column":2},"end":{"line":20,"column":4}},"8":{"start":{"line":45,"column":2},"end":{"line":60,"column":4}},"9":{"start":{"line":57,"column":44},"end":{"line":57,"column":68}},"10":{"start":{"line":59,"column":47},"end":{"line":59,"column":71}},"11":{"start":{"line":83,"column":2},"end":{"line":92,"column":4}},"12":{"start":{"line":105,"column":2},"end":{"line":108,"column":4}},"13":{"start":{"line":107,"column":28},"end":{"line":107,"column":41}},"14":{"start":{"line":121,"column":2},"end":{"line":124,"column":4}},"15":{"start":{"line":123,"column":28},"end":{"line":123,"column":41}},"16":{"start":{"line":146,"column":2},"end":{"line":151,"column":4}},"17":{"start":{"line":164,"column":2},"end":{"line":167,"column":4}},"18":{"start":{"line":166,"column":28},"end":{"line":166,"column":41}}},"fnMap":{"0":{"name":"isErrorObjectType","decl":{"start":{"line":13,"column":16},"end":{"line":13,"column":33}},"loc":{"start":{"line":13,"column":44},"end":{"line":21,"column":1}}},"1":{"name":"isUserType","decl":{"start":{"line":44,"column":16},"end":{"line":44,"column":26}},"loc":{"start":{"line":44,"column":37},"end":{"line":61,"column":1}}},"2":{"name":"(anonymous_2)","decl":{"start":{"line":57,"column":29},"end":{"line":57,"column":30}},"loc":{"start":{"line":57,"column":44},"end":{"line":57,"column":68}}},"3":{"name":"(anonymous_3)","decl":{"start":{"line":59,"column":32},"end":{"line":59,"column":33}},"loc":{"start":{"line":59,"column":47},"end":{"line":59,"column":71}}},"4":{"name":"isQuizType","decl":{"start":{"line":82,"column":16},"end":{"line":82,"column":26}},"loc":{"start":{"line":82,"column":37},"end":{"line":93,"column":1}}},"5":{"name":"isUserArrayType","decl":{"start":{"line":104,"column":16},"end":{"line":104,"column":31}},"loc":{"start":{"line":104,"column":42},"end":{"line":109,"column":1}}},"6":{"name":"(anonymous_6)","decl":{"start":{"line":107,"column":16},"end":{"line":107,"column":17}},"loc":{"start":{"line":107,"column":28},"end":{"line":107,"column":41}}},"7":{"name":"isQuizArrayType","decl":{"start":{"line":120,"column":16},"end":{"line":120,"column":31}},"loc":{"start":{"line":120,"column":42},"end":{"line":125,"column":1}}},"8":{"name":"(anonymous_8)","decl":{"start":{"line":123,"column":16},"end":{"line":123,"column":17}},"loc":{"start":{"line":123,"column":28},"end":{"line":123,"column":41}}},"9":{"name":"isSessionType","decl":{"start":{"line":145,"column":16},"end":{"line":145,"column":29}},"loc":{"start":{"line":145,"column":40},"end":{"line":152,"column":1}}},"10":{"name":"isSessionArrayType","decl":{"start":{"line":163,"column":16},"end":{"line":163,"column":34}},"loc":{"start":{"line":163,"column":45},"end":{"line":168,"column":1}}},"11":{"name":"(anonymous_11)","decl":{"start":{"line":166,"column":16},"end":{"line":166,"column":17}},"loc":{"start":{"line":166,"column":28},"end":{"line":166,"column":41}}}},"branchMap":{"0":{"loc":{"start":{"line":16,"column":4},"end":{"line":19,"column":35}},"type":"binary-expr","locations":[{"start":{"line":16,"column":4},"end":{"line":16,"column":9}},{"start":{"line":17,"column":4},"end":{"line":17,"column":29}},{"start":{"line":18,"column":4},"end":{"line":18,"column":20}},{"start":{"line":19,"column":4},"end":{"line":19,"column":35}}]},"1":{"loc":{"start":{"line":46,"column":4},"end":{"line":59,"column":72}},"type":"binary-expr","locations":[{"start":{"line":46,"column":4},"end":{"line":46,"column":9}},{"start":{"line":47,"column":4},"end":{"line":47,"column":29}},{"start":{"line":48,"column":4},"end":{"line":48,"column":21}},{"start":{"line":48,"column":25},"end":{"line":48,"column":57}},{"start":{"line":49,"column":4},"end":{"line":49,"column":24}},{"start":{"line":49,"column":28},"end":{"line":49,"column":63}},{"start":{"line":50,"column":4},"end":{"line":50,"column":23}},{"start":{"line":50,"column":27},"end":{"line":50,"column":61}},{"start":{"line":51,"column":4},"end":{"line":51,"column":20}},{"start":{"line":51,"column":24},"end":{"line":51,"column":55}},{"start":{"line":52,"column":4},"end":{"line":52,"column":23}},{"start":{"line":52,"column":27},"end":{"line":52,"column":61}},{"start":{"line":53,"column":4},"end":{"line":53,"column":34}},{"start":{"line":53,"column":38},"end":{"line":53,"column":83}},{"start":{"line":54,"column":4},"end":{"line":54,"column":47}},{"start":{"line":55,"column":4},"end":{"line":55,"column":62}},{"start":{"line":56,"column":4},"end":{"line":56,"column":27}},{"start":{"line":57,"column":4},"end":{"line":57,"column":69}},{"start":{"line":58,"column":4},"end":{"line":58,"column":30}},{"start":{"line":59,"column":4},"end":{"line":59,"column":72}}]},"2":{"loc":{"start":{"line":84,"column":4},"end":{"line":91,"column":63}},"type":"binary-expr","locations":[{"start":{"line":84,"column":4},"end":{"line":84,"column":9}},{"start":{"line":85,"column":4},"end":{"line":85,"column":29}},{"start":{"line":86,"column":4},"end":{"line":86,"column":21}},{"start":{"line":86,"column":25},"end":{"line":86,"column":57}},{"start":{"line":87,"column":4},"end":{"line":87,"column":19}},{"start":{"line":87,"column":23},"end":{"line":87,"column":53}},{"start":{"line":88,"column":4},"end":{"line":88,"column":26}},{"start":{"line":88,"column":30},"end":{"line":88,"column":67}},{"start":{"line":89,"column":4},"end":{"line":89,"column":29}},{"start":{"line":89,"column":33},"end":{"line":89,"column":73}},{"start":{"line":90,"column":4},"end":{"line":90,"column":26}},{"start":{"line":90,"column":30},"end":{"line":90,"column":67}},{"start":{"line":91,"column":4},"end":{"line":91,"column":24}},{"start":{"line":91,"column":28},"end":{"line":91,"column":63}}]},"3":{"loc":{"start":{"line":106,"column":4},"end":{"line":107,"column":42}},"type":"binary-expr","locations":[{"start":{"line":106,"column":4},"end":{"line":106,"column":24}},{"start":{"line":107,"column":4},"end":{"line":107,"column":42}}]},"4":{"loc":{"start":{"line":122,"column":4},"end":{"line":123,"column":42}},"type":"binary-expr","locations":[{"start":{"line":122,"column":4},"end":{"line":122,"column":24}},{"start":{"line":123,"column":4},"end":{"line":123,"column":42}}]},"5":{"loc":{"start":{"line":147,"column":4},"end":{"line":150,"column":63}},"type":"binary-expr","locations":[{"start":{"line":147,"column":4},"end":{"line":147,"column":9}},{"start":{"line":148,"column":4},"end":{"line":148,"column":29}},{"start":{"line":149,"column":4},"end":{"line":149,"column":21}},{"start":{"line":149,"column":25},"end":{"line":149,"column":57}},{"start":{"line":150,"column":4},"end":{"line":150,"column":24}},{"start":{"line":150,"column":28},"end":{"line":150,"column":63}}]},"6":{"loc":{"start":{"line":165,"column":4},"end":{"line":166,"column":42}},"type":"binary-expr","locations":[{"start":{"line":165,"column":4},"end":{"line":165,"column":24}},{"start":{"line":166,"column":4},"end":{"line":166,"column":42}}]}},"s":{"0":1,"1":1,"2":1,"3":1,"4":1,"5":1,"6":1,"7":3,"8":0,"9":0,"10":0,"11":0,"12":0,"13":0,"14":0,"15":0,"16":0,"17":0,"18":0},"f":{"0":3,"1":0,"2":0,"3":0,"4":0,"5":0,"6":0,"7":0,"8":0,"9":0,"10":0,"11":0},"b":{"0":[3,3,3,0],"1":[0,0,0,0,0,0,0,0,0,0,0,0,0,0,0,0,0,0,0,0],"2":[0,0,0,0,0,0,0,0,0,0,0,0,0,0],"3":[0,0],"4":[0,0],"5":[0,0,0,0,0,0],"6":[0,0]}}
}
