TN:
SF:src/auth.ts
FN:18,adminAuthRegister
FN:56,adminAuthLogin
FN:59,(anonymous_12)
FN:91,adminUserDetails
FN:133,adminUserDetailsUpdate
FN:166,(anonymous_15)
FN:216,adminUserPasswordUpdate
FN:280,adminAuthLogout
FN:286,(anonymous_18)
FN:294,(anonymous_19)
FNF:10
FNH:10
FNDA:558,adminAuthRegister
FNDA:2146,adminAuthLogin
FNDA:2146,(anonymous_12)
FNDA:37,adminUserDetails
FNDA:4,adminUserDetailsUpdate
FNDA:4,(anonymous_15)
FNDA:7,adminUserPasswordUpdate
FNDA:8,adminAuthLogout
FNDA:4,(anonymous_18)
FNDA:4,(anonymous_19)
DA:1,1
DA:2,1
DA:5,1
DA:6,1
DA:7,1
DA:18,1
DA:21,558
DA:24,558
DA:26,539
DA:27,539
DA:29,539
DA:40,539
DA:42,539
DA:43,539
DA:56,1
DA:57,2146
DA:59,2146
DA:60,2146
DA:61,4
DA:63,2142
DA:64,1073
DA:65,1073
DA:68,1069
DA:69,1069
DA:70,1069
DA:72,1069
DA:91,1
DA:100,37
DA:102,37
DA:103,37
DA:104,37
DA:105,37
DA:107,37
DA:133,1
DA:139,4
DA:142,4
DA:144,4
DA:145,4
DA:148,4
DA:149,0
DA:153,4
DA:154,4
DA:155,0
DA:159,4
DA:160,1
DA:166,3
DA:167,4
DA:170,1
DA:175,2
DA:176,0
DA:180,2
DA:181,2
DA:184,2
DA:185,0
DA:188,2
DA:189,0
DA:193,2
DA:194,1
DA:197,1
DA:198,0
DA:202,1
DA:203,1
DA:204,1
DA:216,1
DA:222,7
DA:224,7
DA:225,7
DA:226,7
DA:229,7
DA:230,0
DA:234,7
DA:235,1
DA:239,6
DA:240,0
DA:244,6
DA:245,5
DA:248,6
DA:249,1
DA:253,5
DA:254,1
DA:257,4
DA:258,0
DA:261,4
DA:262,1
DA:266,3
DA:267,3
DA:280,1
DA:281,8
DA:282,4
DA:283,4
DA:284,4
DA:285,4
DA:286,4
DA:287,4
DA:288,4
DA:292,4
DA:294,4
DA:295,4
DA:296,4
DA:298,4
DA:300,4
LF:101
LH:92
BRDA:60,0,0,4
BRDA:63,1,0,1073
BRDA:148,2,0,0
BRDA:148,3,0,4
BRDA:148,3,1,4
BRDA:148,3,2,4
BRDA:154,4,0,0
BRDA:159,5,0,1
BRDA:166,6,0,1
BRDA:167,7,0,4
BRDA:167,7,1,1
BRDA:175,8,0,0
BRDA:175,9,0,2
BRDA:175,9,1,2
BRDA:184,10,0,0
BRDA:184,11,0,2
BRDA:184,11,1,2
BRDA:188,12,0,0
BRDA:188,13,0,2
BRDA:188,13,1,2
BRDA:193,14,0,1
BRDA:197,15,0,0
BRDA:229,16,0,0
BRDA:234,17,0,1
BRDA:239,18,0,0
BRDA:244,19,0,5
BRDA:248,20,0,1
BRDA:253,21,0,1
BRDA:257,22,0,0
BRDA:261,23,0,1
BRDA:285,24,0,4
BRDA:287,25,0,4
BRDA:295,26,0,4
BRF:33
BRH:24
end_of_record
TN:
SF:src/dataStore.ts
FN:17,getUserData
FN:22,getQuizData
FN:26,getActiveSessions
FN:30,getAllGames
FN:34,getAllActiveGames
FN:38,getAllInactiveGames
FN:43,loadData
FN:63,saveData
FNF:8
FNH:8
FNDA:11524,getUserData
FNDA:92245,getQuizData
FNDA:6831,getActiveSessions
FNDA:1819,getAllGames
FNDA:13,getAllActiveGames
FNDA:13,getAllInactiveGames
FNDA:1,loadData
FNDA:520,saveData
DA:2,1
DA:3,1
DA:6,1
DA:8,1
DA:9,1
DA:10,1
DA:11,1
DA:17,1
DA:18,11524
DA:22,1
DA:23,92245
DA:26,1
DA:27,6831
DA:30,1
DA:31,1819
DA:34,1
DA:35,13
DA:38,1
DA:39,13
DA:43,1
DA:44,1
DA:46,1
DA:47,1
DA:48,1
DA:49,1
DA:51,1
DA:52,1
DA:53,1
DA:56,0
DA:59,1
DA:63,1
DA:64,520
DA:65,520
DA:70,520
DA:71,520
DA:73,0
DA:75,520
LF:37
LH:35
BRDA:47,0,0,1
BRF:1
BRH:1
end_of_record
TN:
SF:src/echo.ts
FN:2,echo
FNF:1
FNH:0
FNDA:0,echo
DA:3,0
DA:5,0
DA:7,0
LF:3
LH:0
BRDA:3,0,0,0
BRDA:3,0,1,0
BRDA:3,1,0,0
BRDA:3,1,1,0
BRF:4
BRH:0
end_of_record
TN:
SF:src/helperFunctions.ts
FN:39,checkUserId
FN:45,(anonymous_11)
FN:46,(anonymous_12)
FN:63,doUserIdCheck
FN:81,findUser
FN:85,(anonymous_15)
FN:100,adminQuizCreateErrorChecks
FN:138,(anonymous_17)
FN:172,checkQuizId
FN:181,(anonymous_19)
FN:182,(anonymous_20)
FN:199,doQuizIdCheck
FN:217,findQuiz
FN:221,(anonymous_23)
FN:232,checkValidCharacters
FN:249,getQuizList
FN:250,(anonymous_26)
FN:251,(anonymous_27)
FN:252,(anonymous_28)
FN:262,usedBeforePasswords
FN:274,doPasswordCheck
FN:286,deleteReq
FN:305,postReq
FN:324,getReq
FN:343,putReq
FN:362,getBody
FN:377,getSeshId
FN:400,checkSessionId
FN:409,(anonymous_38)
FN:411,(anonymous_39)
FN:429,doSessionIdCheck
FN:447,findSession
FN:450,(anonymous_42)
FN:458,getUniqueUserId
FN:466,(anonymous_44)
FN:480,getUniqueSessionId
FN:482,(anonymous_46)
FN:485,(anonymous_47)
FN:500,startSession
FN:520,randomizeColors
FN:521,(anonymous_50)
FN:531,(anonymous_51)
FN:543,checkQuestionBody
FN:587,(anonymous_53)
FN:608,getQuestionId
FN:626,getQuizzesByUser
FN:627,(anonymous_56)
FN:639,adminAuthRegisterErrorCheck
FN:646,(anonymous_58)
FN:681,findUserBySeshId
FN:692,mkerr
FN:696,adminQuizGameStartErrorChecks
FN:723,(anonymous_62)
FN:735,(anonymous_63)
FN:763,(anonymous_64)
FN:770,(anonymous_65)
FN:791,checkGameId
FN:799,(anonymous_67)
FN:802,(anonymous_68)
FN:821,doGameIdCheck
FN:832,findGame
FN:837,(anonymous_71)
FN:842,generateGameId
FN:849,(anonymous_73)
FN:864,startGame
FN:869,(anonymous_75)
FN:894,adminQuizGameStatusErrorChecks
FN:903,(anonymous_77)
FN:916,(anonymous_78)
FN:922,generateRandomName
FN:923,(anonymous_80)
FN:937,findPlayerWithName
FN:939,(anonymous_82)
FN:944,createAndAddPlayerToGame
FN:959,generateUniquePlayerId
FN:965,(anonymous_85)
FN:975,getAnswerId
FN:977,(anonymous_87)
FN:980,findGameByPlayerId
FN:984,(anonymous_89)
FN:999,isValidGameTransition
FN:1047,gameActionErrorChecks
FN:1065,(anonymous_92)
FN:1076,gameEnd
FN:1091,(anonymous_94)
FN:1096,gameNextQuestion
FN:1100,(anonymous_96)
FN:1107,gameSkipCountdown
FN:1113,(anonymous_98)
FN:1119,gameGoToFinalResults
FN:1125,gameGoToAnswer
FN:1136,doAction
FN:1161,ping
FNF:93
FNH:81
FNDA:4092,checkUserId
FNDA:4254,(anonymous_11)
FNDA:4446,(anonymous_12)
FNDA:3435,doUserIdCheck
FNDA:3113,findUser
FNDA:3241,(anonymous_15)
FNDA:657,adminQuizCreateErrorChecks
FNDA:44877,(anonymous_17)
FNDA:45281,checkQuizId
FNDA:4500455,(anonymous_19)
FNDA:8955618,(anonymous_20)
FNDA:45281,doQuizIdCheck
FNDA:45281,findQuiz
FNDA:4500450,(anonymous_23)
FNDA:78,checkValidCharacters
FNDA:16,getQuizList
FNDA:361,(anonymous_26)
FNDA:313,(anonymous_27)
FNDA:328,(anonymous_28)
FNDA:0,usedBeforePasswords
FNDA:0,doPasswordCheck
FNDA:0,deleteReq
FNDA:0,postReq
FNDA:0,getReq
FNDA:0,putReq
FNDA:0,getBody
FNDA:0,getSeshId
FNDA:1556,checkSessionId
FNDA:1613,(anonymous_38)
FNDA:2806,(anonymous_39)
FNDA:1556,doSessionIdCheck
FNDA:1556,findSession
FNDA:1570,(anonymous_42)
FNDA:539,getUniqueUserId
FNDA:79,(anonymous_44)
FNDA:1608,getUniqueSessionId
FNDA:1608,(anonymous_46)
FNDA:500863,(anonymous_47)
FNDA:1608,startSession
FNDA:171,randomizeColors
FNDA:342,(anonymous_50)
FNDA:342,(anonymous_51)
FNDA:193,checkQuestionBody
FNDA:174,(anonymous_53)
FNDA:171,getQuestionId
FNDA:12,getQuizzesByUser
FNDA:14,(anonymous_56)
FNDA:558,adminAuthRegisterErrorCheck
FNDA:80,(anonymous_58)
FNDA:239,findUserBySeshId
FNDA:48,mkerr
FNDA:91,adminQuizGameStartErrorChecks
FNDA:0,(anonymous_62)
FNDA:0,(anonymous_63)
FNDA:0,(anonymous_64)
FNDA:0,(anonymous_65)
FNDA:304,checkGameId
FNDA:304,(anonymous_67)
FNDA:304,(anonymous_68)
FNDA:304,doGameIdCheck
FNDA:304,findGame
FNDA:302,(anonymous_71)
FNDA:81,generateGameId
FNDA:36,(anonymous_73)
FNDA:81,startGame
FNDA:115,(anonymous_75)
FNDA:49,adminQuizGameStatusErrorChecks
FNDA:48,(anonymous_77)
FNDA:44,(anonymous_78)
FNDA:1,generateRandomName
FNDA:5,(anonymous_80)
FNDA:58,findPlayerWithName
FNDA:29,(anonymous_82)
FNDA:57,createAndAddPlayerToGame
FNDA:57,generateUniquePlayerId
FNDA:28,(anonymous_85)
FNDA:171,getAnswerId
FNDA:342,(anonymous_87)
FNDA:46,findGameByPlayerId
FNDA:50,(anonymous_89)
FNDA:104,isValidGameTransition
FNDA:99,gameActionErrorChecks
FNDA:97,(anonymous_92)
FNDA:13,gameEnd
FNDA:13,(anonymous_94)
FNDA:39,gameNextQuestion
FNDA:1,(anonymous_96)
FNDA:30,gameSkipCountdown
FNDA:7,(anonymous_98)
FNDA:8,gameGoToFinalResults
FNDA:13,gameGoToAnswer
FNDA:104,doAction
FNDA:7,ping
DA:2,1
DA:3,1
DA:4,1
DA:5,1
DA:12,1
DA:15,1
DA:16,1
DA:18,1
DA:19,1
DA:20,1
DA:21,1
DA:39,1
DA:42,4092
DA:44,4092
DA:45,4254
DA:46,4446
DA:47,4092
DA:48,4092
DA:63,1
DA:64,3435
DA:65,3435
DA:66,0
DA:67,3435
DA:68,0
DA:69,3435
DA:70,0
DA:81,1
DA:82,3113
DA:83,3113
DA:85,3241
DA:86,3113
DA:87,0
DA:100,1
DA:103,657
DA:104,657
DA:107,0
DA:108,657
DA:111,0
DA:112,657
DA:115,0
DA:119,657
DA:122,19
DA:126,638
DA:129,38
DA:130,600
DA:133,5
DA:137,595
DA:138,595
DA:139,44877
DA:140,44877
DA:144,7
DA:148,588
DA:151,3
DA:153,585
DA:172,1
DA:178,45281
DA:180,45281
DA:181,4500455
DA:182,8955618
DA:183,45281
DA:184,45281
DA:199,1
DA:200,45281
DA:201,45281
DA:202,0
DA:203,45281
DA:204,7
DA:205,45274
DA:206,0
DA:217,1
DA:218,45281
DA:219,45281
DA:221,4500450
DA:232,1
DA:233,78
DA:234,78
DA:235,750
DA:236,8
DA:239,70
DA:249,1
DA:250,361
DA:251,313
DA:252,328
DA:262,1
DA:263,0
DA:264,0
DA:274,1
DA:275,0
DA:286,1
DA:288,0
DA:289,0
DA:290,0
DA:292,0
DA:294,0
DA:305,1
DA:307,0
DA:308,0
DA:309,0
DA:311,0
DA:313,0
DA:324,1
DA:326,0
DA:327,0
DA:328,0
DA:330,0
DA:332,0
DA:343,1
DA:345,0
DA:346,0
DA:347,0
DA:349,0
DA:351,0
DA:362,1
DA:363,0
DA:364,0
DA:366,0
DA:377,1
DA:378,0
DA:380,0
DA:381,0
DA:400,1
DA:406,1556
DA:408,1556
DA:409,1613
DA:410,1556
DA:411,2806
DA:413,1556
DA:414,1556
DA:429,1
DA:430,1556
DA:431,1556
DA:432,19
DA:433,1537
DA:434,29
DA:435,1508
DA:436,0
DA:447,1
DA:448,1556
DA:449,1556
DA:450,1570
DA:458,1
DA:459,539
DA:463,539
DA:466,73
DA:467,79
DA:472,539
DA:480,1
DA:481,1608
DA:482,1608
DA:484,1608
DA:485,500863
DA:486,0
DA:489,1608
DA:500,1
DA:501,1608
DA:502,1608
DA:504,1608
DA:506,1608
DA:507,1608
DA:509,1608
DA:511,1608
DA:520,1
DA:521,342
DA:522,171
DA:531,171
DA:532,342
DA:543,1
DA:544,193
DA:545,0
DA:547,193
DA:548,193
DA:549,193
DA:550,193
DA:551,193
DA:552,4
DA:554,189
DA:555,2
DA:557,187
DA:558,4
DA:560,183
DA:561,4
DA:563,179
DA:564,179
DA:565,356
DA:566,356
DA:567,2
DA:569,354
DA:570,354
DA:571,2
DA:573,352
DA:575,175
DA:576,175
DA:577,178
DA:578,173
DA:579,173
DA:582,175
DA:583,2
DA:586,173
DA:587,173
DA:588,174
DA:590,173
DA:591,173
DA:592,173
DA:593,71
DA:595,173
DA:596,2
DA:599,171
DA:608,1
DA:609,171
DA:610,129
DA:612,42
DA:613,42
DA:614,69
DA:615,69
DA:618,42
DA:626,1
DA:627,14
DA:639,1
DA:642,558
DA:643,558
DA:644,558
DA:645,558
DA:646,558
DA:647,80
DA:648,1
DA:651,557
DA:652,2
DA:654,555
DA:655,3
DA:657,552
DA:658,3
DA:660,549
DA:661,3
DA:663,546
DA:664,3
DA:666,543
DA:667,2
DA:670,541
DA:671,0
DA:673,541
DA:674,1
DA:676,540
DA:677,1
DA:681,1
DA:682,239
DA:692,1
DA:693,48
DA:696,1
DA:700,91
DA:701,1
DA:705,90
DA:707,1
DA:709,89
DA:710,1
DA:713,88
DA:714,87
DA:715,5
DA:717,82
DA:718,1
DA:723,1
DA:724,0
DA:729,0
DA:730,0
DA:731,0
DA:732,0
DA:735,1
DA:736,0
DA:757,0
DA:758,0
DA:759,0
DA:760,0
DA:763,1
DA:764,0
DA:770,1
DA:771,0
DA:772,0
DA:791,1
DA:794,304
DA:795,304
DA:797,304
DA:799,304
DA:801,304
DA:802,304
DA:805,304
DA:806,304
DA:821,1
DA:822,304
DA:823,304
DA:824,0
DA:825,304
DA:826,2
DA:827,302
DA:828,0
DA:832,1
DA:833,304
DA:834,302
DA:835,302
DA:837,302
DA:838,302
DA:839,0
DA:842,1
DA:843,81
DA:844,81
DA:847,81
DA:849,9
DA:850,36
DA:854,81
DA:864,1
DA:865,81
DA:866,81
DA:867,81
DA:868,81
DA:869,81
DA:870,115
DA:871,115
DA:873,81
DA:875,81
DA:886,81
DA:887,81
DA:888,81
DA:890,81
DA:894,1
DA:898,49
DA:899,1
DA:901,48
DA:903,48
DA:904,1
DA:907,47
DA:908,1
DA:910,46
DA:911,1
DA:915,45
DA:916,45
DA:917,1
DA:922,1
DA:923,1
DA:924,5
DA:925,5
DA:928,5
DA:931,1
DA:933,1
DA:937,1
DA:938,58
DA:939,29
DA:944,1
DA:945,57
DA:946,1
DA:948,57
DA:955,57
DA:956,57
DA:959,1
DA:962,57
DA:963,57
DA:964,57
DA:965,28
DA:966,57
DA:975,1
DA:976,171
DA:977,342
DA:980,1
DA:981,46
DA:982,46
DA:983,46
DA:984,50
DA:985,40
DA:988,6
DA:999,1
DA:1003,104
DA:1005,13
DA:1007,0
DA:1009,13
DA:1012,39
DA:1016,39
DA:1018,0
DA:1021,31
DA:1023,30
DA:1025,1
DA:1028,13
DA:1031,13
DA:1033,0
DA:1036,8
DA:1039,8
DA:1041,0
DA:1047,1
DA:1053,99
DA:1054,1
DA:1057,98
DA:1058,1
DA:1062,97
DA:1063,0
DA:1065,97
DA:1066,1
DA:1069,96
DA:1070,1
DA:1072,95
DA:1077,13
DA:1078,13
DA:1082,5
DA:1083,5
DA:1086,13
DA:1087,13
DA:1088,13
DA:1089,13
DA:1090,13
DA:1091,13
DA:1092,13
DA:1097,39
DA:1098,39
DA:1099,39
DA:1100,39
DA:1101,1
DA:1102,1
DA:1108,30
DA:1109,30
DA:1110,30
DA:1112,30
DA:1113,30
DA:1114,7
DA:1120,8
DA:1121,8
DA:1126,13
DA:1127,13
DA:1136,1
DA:1137,104
DA:1138,104
DA:1139,1
DA:1142,103
DA:1144,13
DA:1145,13
DA:1147,39
DA:1148,39
DA:1150,30
DA:1151,30
DA:1153,13
DA:1154,13
DA:1156,8
DA:1157,8
DA:1161,1
DA:1162,7
LF:439
LH:376
BRDA:47,0,0,4092
BRDA:47,0,1,4092
BRDA:47,0,2,4092
BRDA:65,1,0,0
BRDA:65,1,1,3435
BRDA:67,2,0,0
BRDA:67,2,1,3435
BRDA:69,3,0,0
BRDA:86,4,0,3113
BRDA:86,4,1,0
BRDA:104,5,0,0
BRDA:104,5,1,657
BRDA:108,6,0,0
BRDA:108,6,1,657
BRDA:112,7,0,0
BRDA:119,8,0,19
BRDA:126,9,0,38
BRDA:126,9,1,600
BRDA:130,10,0,5
BRDA:138,11,0,7
BRDA:138,12,0,595
BRDA:138,12,1,595
BRDA:138,12,2,595
BRDA:140,13,0,44877
BRDA:140,13,1,44877
BRDA:148,14,0,3
BRDA:183,15,0,45281
BRDA:183,15,1,45281
BRDA:183,15,2,45274
BRDA:201,16,0,0
BRDA:201,16,1,45281
BRDA:203,17,0,7
BRDA:203,17,1,45274
BRDA:205,18,0,0
BRDA:235,19,0,8
BRDA:263,20,0,0
BRDA:263,21,0,0
BRDA:263,21,1,0
BRDA:275,22,0,0
BRDA:275,22,1,0
BRDA:288,23,0,0
BRDA:288,23,1,0
BRDA:289,24,0,0
BRDA:307,25,0,0
BRDA:307,25,1,0
BRDA:308,26,0,0
BRDA:326,27,0,0
BRDA:326,27,1,0
BRDA:327,28,0,0
BRDA:345,29,0,0
BRDA:345,29,1,0
BRDA:346,30,0,0
BRDA:363,31,0,0
BRDA:380,32,0,0
BRDA:380,32,1,0
BRDA:413,33,0,1556
BRDA:413,33,1,1537
BRDA:413,33,2,1508
BRDA:431,34,0,19
BRDA:431,34,1,1537
BRDA:433,35,0,29
BRDA:433,35,1,1508
BRDA:435,36,0,0
BRDA:463,37,0,466
BRDA:463,37,1,73
BRDA:467,38,0,0
BRDA:467,38,1,79
BRDA:544,39,0,0
BRDA:544,40,0,193
BRDA:544,40,1,193
BRDA:551,41,0,4
BRDA:551,42,0,193
BRDA:551,42,1,193
BRDA:551,42,2,191
BRDA:554,43,0,2
BRDA:554,44,0,189
BRDA:554,44,1,189
BRDA:557,45,0,4
BRDA:557,46,0,187
BRDA:557,46,1,187
BRDA:557,46,2,185
BRDA:560,47,0,4
BRDA:560,48,0,183
BRDA:560,48,1,183
BRDA:560,48,2,181
BRDA:566,49,0,2
BRDA:566,50,0,356
BRDA:566,50,1,356
BRDA:566,50,2,355
BRDA:570,51,0,2
BRDA:577,52,0,173
BRDA:582,53,0,2
BRDA:590,54,0,173
BRDA:590,55,0,173
BRDA:590,55,1,173
BRDA:590,55,2,173
BRDA:595,56,0,2
BRDA:609,57,0,129
BRDA:609,58,0,171
BRDA:609,58,1,171
BRDA:609,58,2,171
BRDA:614,59,0,69
BRDA:647,60,0,1
BRDA:651,61,0,2
BRDA:654,62,0,3
BRDA:657,63,0,3
BRDA:657,64,0,552
BRDA:657,64,1,550
BRDA:660,65,0,3
BRDA:663,66,0,3
BRDA:663,67,0,546
BRDA:663,67,1,544
BRDA:666,68,0,2
BRDA:670,69,0,0
BRDA:670,70,0,541
BRDA:670,70,1,1
BRDA:673,71,0,1
BRDA:676,72,0,1
BRDA:709,73,0,1
BRDA:713,74,0,1
BRDA:714,75,0,5
BRDA:717,76,0,1
BRDA:805,77,0,304
BRDA:805,77,1,304
BRDA:805,77,2,302
BRDA:823,78,0,0
BRDA:823,78,1,304
BRDA:825,79,0,2
BRDA:825,79,1,302
BRDA:827,80,0,0
BRDA:838,81,0,302
BRDA:838,81,1,0
BRDA:847,82,0,72
BRDA:847,82,1,9
BRDA:850,83,0,0
BRDA:850,83,1,36
BRDA:903,84,0,1
BRDA:907,85,0,1
BRDA:907,85,1,46
BRDA:916,86,0,1
BRDA:925,87,0,3
BRDA:925,87,1,2
BRDA:945,88,0,1
BRDA:984,89,0,40
BRDA:1003,90,0,13
BRDA:1003,90,1,39
BRDA:1003,90,2,31
BRDA:1003,90,3,13
BRDA:1003,90,4,8
BRDA:1005,91,0,0
BRDA:1005,91,1,13
BRDA:1012,92,0,35
BRDA:1012,92,1,36
BRDA:1012,92,2,39
BRDA:1012,92,3,0
BRDA:1021,93,0,30
BRDA:1021,93,1,1
BRDA:1028,94,0,12
BRDA:1028,94,1,13
BRDA:1028,94,2,0
BRDA:1036,95,0,2
BRDA:1036,95,1,8
BRDA:1036,95,2,0
BRDA:1065,96,0,1
BRDA:1072,97,0,1
BRDA:1078,98,0,5
BRDA:1079,99,0,13
BRDA:1079,99,1,10
BRDA:1138,100,0,1
BRDA:1142,101,0,13
BRDA:1142,101,1,39
BRDA:1142,101,2,30
BRDA:1142,101,3,13
BRDA:1142,101,4,8
BRF:174
BRH:133
end_of_record
TN:
SF:src/newecho.ts
FN:5,echo
FNF:1
FNH:1
FNDA:2,echo
DA:6,2
DA:7,1
DA:9,1
DA:13,1
LF:4
LH:4
BRDA:6,0,0,1
BRF:1
BRH:1
end_of_record
TN:
SF:src/other.ts
FN:9,clear
FN:24,clearTimers
FN:27,(anonymous_12)
FN:42,hashString
FN:56,verifyHash
FNF:5
FNH:5
FNDA:499,clear
FNDA:499,clearTimers
FNDA:81,(anonymous_12)
FNDA:2703,hashString
FNDA:2148,verifyHash
DA:1,1
DA:2,1
DA:9,1
DA:10,499
DA:11,499
DA:12,499
DA:13,499
DA:14,499
DA:15,499
DA:16,499
DA:17,499
DA:18,499
DA:19,499
DA:20,499
DA:21,499
DA:25,499
DA:26,499
DA:27,499
DA:28,81
DA:29,30
DA:42,1
DA:43,2703
DA:44,2703
DA:45,2703
DA:56,1
DA:57,2148
DA:58,2148
LF:27
LH:27
BRDA:28,0,0,30
BRF:1
BRH:1
end_of_record
TN:
SF:src/player.ts
FN:15,playerJoin
FN:47,playerStatus
FN:67,playerQuestionPosition
FN:91,(anonymous_4)
FN:120,playerResults
FN:141,(anonymous_6)
FN:145,(anonymous_7)
FN:147,(anonymous_8)
FN:169,playerQuestionResults
FN:207,(anonymous_10)
FN:224,playerQuestionAnswer
FN:256,(anonymous_12)
FNF:12
FNH:12
FNDA:64,playerJoin
FNDA:8,playerStatus
FNDA:9,playerQuestionPosition
FNDA:4,(anonymous_4)
FNDA:3,playerResults
FNDA:1,(anonymous_6)
FNDA:1,(anonymous_7)
FNDA:1,(anonymous_8)
FNDA:5,playerQuestionResults
FNDA:1,(anonymous_10)
FNDA:21,playerQuestionAnswer
FNDA:14,(anonymous_12)
DA:2,1
DA:3,1
DA:15,1
DA:17,64
DA:18,4
DA:21,60
DA:23,59
DA:24,1
DA:27,58
DA:28,1
DA:30,57
DA:31,57
DA:33,9
DA:35,57
DA:47,1
DA:49,8
DA:50,8
DA:51,1
DA:53,7
DA:67,1
DA:69,9
DA:70,9
DA:71,9
DA:72,1
DA:74,8
DA:75,8
DA:78,1
DA:80,7
DA:82,2
DA:84,5
DA:88,3
DA:90,2
DA:91,4
DA:93,2
DA:120,1
DA:131,3
DA:132,3
DA:133,2
DA:135,1
DA:136,0
DA:141,1
DA:145,1
DA:147,1
DA:151,1
DA:169,1
DA:178,5
DA:179,5
DA:180,1
DA:185,4
DA:186,4
DA:187,1
DA:192,3
DA:193,1
DA:197,2
DA:198,1
DA:203,1
DA:204,1
DA:205,1
DA:207,1
DA:224,1
DA:229,21
DA:230,21
DA:231,1
DA:236,20
DA:237,20
DA:238,2
DA:243,18
DA:244,2
DA:248,16
DA:249,0
DA:253,16
DA:254,16
DA:255,16
DA:256,14
DA:257,1
DA:263,15
DA:264,15
DA:265,11
DA:266,1
DA:270,10
DA:272,14
DA:273,5
DA:277,9
LF:83
LH:81
BRDA:17,0,0,4
BRDA:23,1,0,1
BRDA:27,2,0,1
BRDA:31,3,0,9
BRDA:50,4,0,1
BRDA:71,5,0,1
BRDA:75,6,0,1
BRDA:80,7,0,2
BRDA:84,8,0,3
BRDA:84,9,0,5
BRDA:84,9,1,5
BRDA:84,9,2,4
BRDA:84,9,3,3
BRDA:132,10,0,2
BRDA:135,11,0,0
BRDA:179,12,0,1
BRDA:186,13,0,1
BRDA:186,14,0,4
BRDA:186,14,1,4
BRDA:192,15,0,1
BRDA:197,16,0,1
BRDA:230,17,0,1
BRDA:237,18,0,2
BRDA:237,19,0,20
BRDA:237,19,1,20
BRDA:243,20,0,2
BRDA:248,21,0,0
BRDA:256,22,0,1
BRDA:265,23,0,1
BRDA:272,24,0,5
BRDA:272,25,0,14
BRDA:272,25,1,14
BRF:32
BRH:30
end_of_record
TN:
SF:src/quiz.ts
FN:26,adminQuizCreate
FN:41,(anonymous_11)
FN:82,adminQuizList
FN:105,adminQuizRemove
FN:111,(anonymous_14)
FN:124,(anonymous_15)
FN:154,adminQuizNameUpdate
FN:168,(anonymous_17)
FN:185,adminQuizDescriptionUpdate
FN:209,adminQuizInfo
FN:215,(anonymous_20)
FN:303,adminQuizQuestionCreate
FN:314,(anonymous_22)
FN:334,(anonymous_23)
FN:386,adminQuizTransfer
FN:410,(anonymous_25)
FN:422,(anonymous_26)
FN:428,(anonymous_27)
FN:443,adminQuizQuestionSuggestion
FN:445,(anonymous_29)
FN:509,adminQuizQuestionUpdate
FN:523,(anonymous_31)
FN:542,(anonymous_32)
FN:566,(anonymous_33)
FN:595,(anonymous_34)
FN:598,(anonymous_35)
FN:621,adminQuizQuestionMove
FN:631,(anonymous_37)
FN:646,(anonymous_38)
FN:683,adminQuizQuestionDelete
FN:693,(anonymous_40)
FN:705,(anonymous_41)
FN:717,(anonymous_42)
FN:745,adminQuizGameStart
FN:763,adminQuizGameAction
FN:793,adminQuizGameStatus
FN:819,adminQuizThumbnailUpdate
FN:828,(anonymous_47)
FN:860,adminQuizGameView
FN:879,(anonymous_49)
FN:880,(anonymous_50)
FN:881,(anonymous_51)
FN:884,(anonymous_52)
FN:885,(anonymous_53)
FN:886,(anonymous_54)
FNF:45
FNH:41
FNDA:657,adminQuizCreate
FNDA:44907,(anonymous_11)
FNDA:16,adminQuizList
FNDA:3,adminQuizRemove
FNDA:3,(anonymous_14)
FNDA:1,(anonymous_15)
FNDA:18,adminQuizNameUpdate
FNDA:12,(anonymous_17)
FNDA:12,adminQuizDescriptionUpdate
FNDA:76,adminQuizInfo
FNDA:89,(anonymous_20)
FNDA:197,adminQuizQuestionCreate
FNDA:198,(anonymous_22)
FNDA:342,(anonymous_23)
FNDA:19,adminQuizTransfer
FNDA:29,(anonymous_25)
FNDA:2,(anonymous_26)
FNDA:10,(anonymous_27)
FNDA:2,adminQuizQuestionSuggestion
FNDA:2,(anonymous_29)
FNDA:29,adminQuizQuestionUpdate
FNDA:30,(anonymous_31)
FNDA:26,(anonymous_32)
FNDA:22,(anonymous_33)
FNDA:39,(anonymous_34)
FNDA:74,(anonymous_35)
FNDA:6,adminQuizQuestionMove
FNDA:6,(anonymous_37)
FNDA:6,(anonymous_38)
FNDA:5,adminQuizQuestionDelete
FNDA:5,(anonymous_40)
FNDA:1,(anonymous_41)
FNDA:2,(anonymous_42)
FNDA:91,adminQuizGameStart
FNDA:99,adminQuizGameAction
FNDA:49,adminQuizGameStatus
FNDA:8,adminQuizThumbnailUpdate
FNDA:8,(anonymous_47)
FNDA:6,adminQuizGameView
FNDA:1,(anonymous_49)
FNDA:1,(anonymous_50)
FNDA:0,(anonymous_51)
FNDA:0,(anonymous_52)
FNDA:0,(anonymous_53)
FNDA:0,(anonymous_54)
DA:1,1
DA:2,1
DA:5,1
DA:6,1
DA:7,1
DA:14,1
DA:26,1
DA:28,657
DA:31,657
DA:32,585
DA:33,0
DA:38,585
DA:41,323
DA:42,44907
DA:48,585
DA:50,585
DA:64,585
DA:65,585
DA:66,0
DA:68,585
DA:69,585
DA:70,585
DA:72,585
DA:82,1
DA:84,16
DA:85,16
DA:87,0
DA:91,16
DA:92,16
DA:105,1
DA:106,3
DA:107,3
DA:108,3
DA:111,3
DA:112,3
DA:113,1
DA:117,2
DA:118,0
DA:121,2
DA:122,2
DA:124,2
DA:125,1
DA:127,2
DA:128,2
DA:129,1
DA:133,1
DA:134,1
DA:136,2
DA:137,2
DA:140,0
DA:154,1
DA:155,18
DA:156,17
DA:157,16
DA:159,16
DA:160,2
DA:162,14
DA:163,4
DA:165,10
DA:166,4
DA:168,12
DA:169,1
DA:171,5
DA:172,5
DA:185,1
DA:186,12
DA:187,11
DA:188,11
DA:190,10
DA:191,2
DA:193,8
DA:194,3
DA:196,5
DA:197,5
DA:209,1
DA:213,76
DA:214,76
DA:215,89
DA:217,76
DA:218,2
DA:220,74
DA:221,2
DA:226,72
DA:227,1
DA:229,71
DA:233,72
DA:234,72
DA:235,72
DA:236,72
DA:239,72
DA:240,78
DA:243,78
DA:244,39
DA:246,39
DA:250,78
DA:252,78
DA:253,78
DA:254,157
DA:255,157
DA:264,78
DA:275,72
DA:277,72
DA:278,72
DA:280,0
DA:282,72
DA:303,1
DA:311,197
DA:312,197
DA:313,197
DA:314,197
DA:317,198
DA:319,197
DA:320,2
DA:322,195
DA:323,2
DA:327,193
DA:328,193
DA:329,22
DA:333,171
DA:334,171
DA:335,342
DA:341,342
DA:344,171
DA:347,171
DA:348,171
DA:359,171
DA:360,171
DA:361,39
DA:363,171
DA:364,0
DA:366,171
DA:367,171
DA:368,171
DA:370,0
DA:386,1
DA:391,19
DA:392,17
DA:393,0
DA:396,17
DA:399,17
DA:400,16
DA:401,0
DA:404,16
DA:405,1
DA:409,15
DA:410,29
DA:411,15
DA:412,2
DA:416,13
DA:417,1
DA:421,12
DA:422,12
DA:423,2
DA:427,10
DA:428,10
DA:431,10
DA:434,10
DA:443,1
DA:444,2
DA:445,2
DA:446,2
DA:447,1
DA:449,1
DA:450,1
DA:454,0
DA:458,0
DA:464,0
DA:465,0
DA:473,0
DA:475,0
DA:476,0
DA:479,0
DA:480,0
DA:481,0
DA:482,0
DA:483,0
DA:484,0
DA:485,0
DA:487,0
DA:489,0
DA:490,0
DA:492,0
DA:495,0
DA:497,0
DA:509,1
DA:522,29
DA:523,30
DA:526,29
DA:527,1
DA:529,28
DA:530,28
DA:531,1
DA:535,27
DA:536,27
DA:537,1
DA:541,26
DA:542,26
DA:544,26
DA:545,1
DA:549,25
DA:551,1
DA:553,24
DA:554,3
DA:556,21
DA:558,1
DA:560,20
DA:562,0
DA:566,22
DA:567,1
DA:571,19
DA:572,7
DA:573,1
DA:576,6
DA:577,1
DA:580,5
DA:581,1
DA:589,16
DA:590,16
DA:595,39
DA:599,74
DA:609,16
DA:621,1
DA:627,6
DA:628,6
DA:630,6
DA:631,6
DA:634,6
DA:635,0
DA:637,6
DA:638,1
DA:642,5
DA:643,0
DA:646,6
DA:647,5
DA:648,1
DA:652,4
DA:653,2
DA:656,2
DA:657,1
DA:661,1
DA:662,1
DA:665,1
DA:667,1
DA:669,0
DA:683,1
DA:688,5
DA:689,5
DA:692,5
DA:693,5
DA:696,5
DA:697,1
DA:699,4
DA:700,1
DA:704,3
DA:705,3
DA:706,1
DA:708,3
DA:709,1
DA:713,2
DA:714,0
DA:717,2
DA:718,2
DA:719,1
DA:723,1
DA:726,1
DA:728,1
DA:730,4
DA:731,4
DA:745,1
DA:748,91
DA:750,81
DA:763,1
DA:769,99
DA:770,94
DA:771,94
DA:773,1
DA:776,93
DA:793,1
DA:796,49
DA:799,44
DA:800,0
DA:803,44
DA:819,1
DA:824,8
DA:827,8
DA:828,8
DA:829,8
DA:830,1
DA:832,7
DA:833,1
DA:837,6
DA:841,5
DA:845,1
DA:846,1
DA:847,1
DA:860,1
DA:862,6
DA:864,6
DA:867,4
DA:868,3
DA:869,1
DA:875,2
DA:878,2
DA:879,1
DA:880,1
DA:881,0
DA:883,2
DA:884,0
DA:885,0
DA:886,0
DA:888,2
DA:893,4
DA:894,1
DA:898,3
DA:899,2
DA:901,1
DA:902,1
LF:317
LH:277
BRDA:32,0,0,0
BRDA:38,1,0,262
BRDA:38,1,1,323
BRDA:42,2,0,0
BRDA:42,2,1,44907
BRDA:65,3,0,0
BRDA:112,4,0,1
BRDA:117,5,0,0
BRDA:125,6,0,1
BRDA:125,6,1,1
BRDA:128,7,0,1
BRDA:136,8,0,2
BRDA:159,9,0,2
BRDA:162,10,0,4
BRDA:165,11,0,4
BRDA:165,12,0,10
BRDA:165,12,1,8
BRDA:168,13,0,1
BRDA:190,14,0,2
BRDA:193,15,0,3
BRDA:193,16,0,8
BRDA:193,16,1,7
BRDA:217,17,0,2
BRDA:220,18,0,2
BRDA:226,19,0,1
BRDA:226,19,1,71
BRDA:235,20,0,72
BRDA:243,21,0,39
BRDA:243,21,1,39
BRDA:252,22,0,78
BRDA:277,23,0,72
BRDA:277,23,1,0
BRDA:319,24,0,2
BRDA:322,25,0,2
BRDA:328,26,0,22
BRDA:360,27,0,39
BRDA:363,28,0,0
BRDA:392,29,0,0
BRDA:400,30,0,0
BRDA:404,31,0,1
BRDA:411,32,0,2
BRDA:416,33,0,1
BRDA:422,34,0,2
BRDA:446,35,0,1
BRDA:449,36,0,1
BRDA:475,37,0,0
BRDA:479,38,0,0
BRDA:479,38,1,0
BRDA:481,39,0,0
BRDA:481,39,1,0
BRDA:481,40,0,0
BRDA:481,40,1,0
BRDA:482,41,0,0
BRDA:482,41,1,0
BRDA:482,42,0,0
BRDA:482,42,1,0
BRDA:484,43,0,0
BRDA:484,43,1,0
BRDA:489,44,0,0
BRDA:489,44,1,0
BRDA:526,45,0,1
BRDA:530,46,0,1
BRDA:536,47,0,1
BRDA:536,48,0,27
BRDA:536,48,1,27
BRDA:544,49,0,1
BRDA:549,50,0,1
BRDA:549,51,0,25
BRDA:549,51,1,25
BRDA:549,51,2,24
BRDA:553,52,0,3
BRDA:553,53,0,24
BRDA:553,53,1,23
BRDA:556,54,0,1
BRDA:556,55,0,21
BRDA:556,55,1,20
BRDA:556,55,2,20
BRDA:560,56,0,0
BRDA:560,57,0,20
BRDA:560,57,1,20
BRDA:560,57,2,20
BRDA:566,58,0,1
BRDA:571,59,0,7
BRDA:572,60,0,1
BRDA:576,61,0,1
BRDA:580,62,0,1
BRDA:598,63,0,39
BRDA:598,63,1,31
BRDA:598,64,0,31
BRDA:598,64,1,8
BRDA:598,65,0,39
BRDA:598,65,1,39
BRDA:603,66,0,4
BRDA:603,66,1,12
BRDA:634,67,0,0
BRDA:637,68,0,1
BRDA:642,69,0,0
BRDA:642,70,0,5
BRDA:642,70,1,5
BRDA:647,71,0,1
BRDA:652,72,0,2
BRDA:652,73,0,4
BRDA:652,73,1,3
BRDA:656,74,0,1
BRDA:696,75,0,1
BRDA:699,76,0,1
BRDA:706,77,0,1
BRDA:706,77,1,1
BRDA:708,78,0,1
BRDA:713,79,0,0
BRDA:713,80,0,2
BRDA:713,80,1,2
BRDA:718,81,0,1
BRDA:730,82,0,4
BRDA:829,83,0,1
BRDA:832,84,0,1
BRDA:837,85,0,5
BRDA:838,86,0,6
BRDA:838,86,1,6
BRDA:868,87,0,1
BRDA:893,88,0,1
BRDA:898,89,0,2
BRDA:898,89,1,1
BRDA:901,90,0,1
BRF:124
BRH:97
end_of_record
TN:
SF:src/server.ts
FN:58,(anonymous_10)
FN:71,(anonymous_11)
FN:77,(anonymous_12)
FN:87,(anonymous_13)
FN:107,(anonymous_14)
FN:133,(anonymous_15)
FN:169,(anonymous_16)
FN:177,(anonymous_17)
FN:203,(anonymous_18)
FN:230,(anonymous_19)
FN:257,(anonymous_20)
FN:301,(anonymous_21)
FN:364,(anonymous_22)
FN:378,(anonymous_23)
FN:404,(anonymous_24)
FN:431,(anonymous_25)
FN:467,(anonymous_26)
FN:515,(anonymous_27)
FN:551,(anonymous_28)
FN:562,(anonymous_29)
FN:614,(anonymous_30)
FN:672,(anonymous_31)
FN:707,(anonymous_32)
FN:753,(anonymous_33)
FN:761,(anonymous_34)
FN:810,(anonymous_35)
FN:857,(anonymous_36)
FN:905,(anonymous_37)
FN:948,(anonymous_38)
FN:963,(anonymous_39)
FN:978,(anonymous_40)
FN:990,(anonymous_41)
FN:1042,(anonymous_42)
FN:1055,(anonymous_43)
FN:1067,(anonymous_44)
FN:1081,(anonymous_45)
FN:1097,(anonymous_46)
FN:1125,(anonymous_47)
FN:1182,(anonymous_48)
FN:1203,(anonymous_49)
FN:1227,(anonymous_50)
FN:1258,(anonymous_51)
FN:1275,(anonymous_52)
FN:1282,(anonymous_53)
FN:1283,(anonymous_54)
FNF:45
FNH:41
FNDA:0,(anonymous_10)
FNDA:499,(anonymous_11)
FNDA:2,(anonymous_12)
FNDA:558,(anonymous_13)
FNDA:45,(anonymous_14)
FNDA:671,(anonymous_15)
FNDA:5,(anonymous_16)
FNDA:29,(anonymous_17)
FNDA:72,(anonymous_18)
FNDA:7,(anonymous_19)
FNDA:150,(anonymous_20)
FNDA:60,(anonymous_21)
FNDA:2146,(anonymous_22)
FNDA:19,(anonymous_23)
FNDA:13,(anonymous_24)
FNDA:6,(anonymous_25)
FNDA:17,(anonymous_26)
FNDA:2,(anonymous_27)
FNDA:8,(anonymous_28)
FNDA:7,(anonymous_29)
FNDA:27,(anonymous_30)
FNDA:0,(anonymous_31)
FNDA:6,(anonymous_32)
FNDA:9,(anonymous_33)
FNDA:8,(anonymous_34)
FNDA:0,(anonymous_35)
FNDA:13,(anonymous_36)
FNDA:7,(anonymous_37)
FNDA:91,(anonymous_38)
FNDA:49,(anonymous_39)
FNDA:7,(anonymous_40)
FNDA:7,(anonymous_41)
FNDA:64,(anonymous_42)
FNDA:8,(anonymous_43)
FNDA:9,(anonymous_44)
FNDA:99,(anonymous_45)
FNDA:8,(anonymous_46)
FNDA:8,(anonymous_47)
FNDA:4,(anonymous_48)
FNDA:7,(anonymous_49)
FNDA:25,(anonymous_50)
FNDA:0,(anonymous_51)
FNDA:1,(anonymous_52)
FNDA:1,(anonymous_53)
FNDA:1,(anonymous_54)
DA:1,1
DA:2,1
DA:3,1
DA:4,1
DA:5,1
DA:6,1
DA:7,1
DA:8,1
DA:9,1
DA:11,1
DA:12,1
DA:13,1
DA:14,1
DA:15,1
DA:16,1
DA:35,1
DA:36,1
DA:40,1
DA:41,1
DA:45,1
DA:48,1
DA:50,1
DA:52,1
DA:54,1
DA:57,1
DA:58,1
DA:59,1
DA:65,1
DA:66,1
DA:71,1
DA:72,499
DA:73,499
DA:77,1
DA:78,2
DA:79,2
DA:80,1
DA:81,1
DA:84,1
DA:87,1
DA:88,558
DA:90,558
DA:91,558
DA:92,558
DA:93,558
DA:97,558
DA:98,558
DA:100,19
DA:101,19
DA:104,539
DA:107,1
DA:108,45
DA:109,45
DA:110,0
DA:113,45
DA:114,45
DA:117,8
DA:120,37
DA:122,37
DA:123,37
DA:126,0
DA:129,37
DA:133,1
DA:135,671
DA:136,671
DA:137,0
DA:138,0
DA:141,671
DA:142,671
DA:144,7
DA:145,7
DA:147,664
DA:148,0
DA:149,0
DA:151,664
DA:152,0
DA:156,664
DA:157,664
DA:158,7
DA:161,657
DA:162,657
DA:163,585
DA:165,72
DA:169,1
DA:170,5
DA:171,5
DA:173,0
DA:177,1
DA:179,29
DA:180,29
DA:181,2
DA:184,27
DA:185,27
DA:187,11
DA:189,16
DA:190,0
DA:194,16
DA:195,16
DA:196,16
DA:198,0
DA:203,1
DA:205,72
DA:206,72
DA:207,0
DA:209,72
DA:210,72
DA:211,0
DA:214,72
DA:215,72
DA:216,0
DA:218,72
DA:221,72
DA:222,72
DA:223,69
DA:225,3
DA:230,1
DA:231,7
DA:232,7
DA:233,1
DA:236,6
DA:237,6
DA:239,1
DA:242,5
DA:243,5
DA:244,1
DA:246,4
DA:248,4
DA:249,4
DA:251,1
DA:253,3
DA:257,1
DA:259,150
DA:260,150
DA:261,1
DA:263,149
DA:264,148
DA:265,0
DA:268,148
DA:269,148
DA:270,1
DA:272,147
DA:275,147
DA:276,147
DA:277,1
DA:280,146
DA:281,146
DA:282,14
DA:287,5
DA:289,9
DA:293,0
DA:295,9
DA:297,132
DA:301,1
DA:302,60
DA:303,60
DA:304,60
DA:305,1
DA:308,59
DA:309,59
DA:312,1
DA:314,58
DA:315,0
DA:319,58
DA:320,58
DA:321,1
DA:323,57
DA:326,57
DA:327,57
DA:328,1
DA:331,56
DA:336,5
DA:341,51
DA:342,51
DA:343,12
DA:344,12
DA:348,2
DA:351,10
DA:353,39
DA:355,21
DA:356,21
DA:358,0
DA:359,0
DA:364,1
DA:365,2146
DA:367,2146
DA:368,2146
DA:369,2146
DA:371,1077
DA:374,1069
DA:378,1
DA:380,19
DA:381,19
DA:382,1
DA:384,18
DA:385,18
DA:386,18
DA:388,18
DA:389,18
DA:391,13
DA:392,1
DA:394,12
DA:396,3
DA:398,9
DA:400,5
DA:404,1
DA:406,13
DA:407,13
DA:408,13
DA:409,13
DA:411,13
DA:412,1
DA:415,12
DA:416,12
DA:418,7
DA:419,1
DA:421,6
DA:423,3
DA:425,3
DA:427,5
DA:431,1
DA:432,6
DA:434,6
DA:435,6
DA:436,1
DA:439,5
DA:440,5
DA:441,0
DA:445,5
DA:446,5
DA:447,1
DA:451,4
DA:454,1
DA:459,3
DA:460,0
DA:462,3
DA:467,1
DA:468,17
DA:469,17
DA:470,17
DA:471,17
DA:474,17
DA:475,1
DA:478,16
DA:479,3
DA:483,13
DA:484,13
DA:485,1
DA:489,12
DA:492,5
DA:495,12
DA:497,1
DA:500,1
DA:503,2
DA:505,1
DA:508,4
DA:510,3
DA:515,1
DA:517,2
DA:518,2
DA:519,0
DA:522,2
DA:523,2
DA:525,0
DA:527,2
DA:528,0
DA:532,2
DA:533,2
DA:534,0
DA:536,2
DA:538,2
DA:539,2
DA:540,0
DA:542,2
DA:543,2
DA:544,1
DA:546,1
DA:551,1
DA:552,8
DA:554,8
DA:555,8
DA:557,4
DA:559,4
DA:562,1
DA:564,7
DA:565,7
DA:566,0
DA:570,7
DA:571,7
DA:573,1
DA:575,6
DA:576,0
DA:580,6
DA:581,6
DA:582,0
DA:586,6
DA:587,6
DA:588,0
DA:592,6
DA:593,6
DA:594,0
DA:597,6
DA:599,6
DA:600,5
DA:601,1
DA:602,4
DA:604,4
DA:606,0
DA:610,1
DA:614,1
DA:615,27
DA:617,27
DA:618,27
DA:619,1
DA:623,26
DA:624,24
DA:625,0
DA:628,24
DA:629,24
DA:630,1
DA:632,23
DA:635,23
DA:636,23
DA:637,1
DA:639,22
DA:642,22
DA:643,22
DA:644,1
DA:647,21
DA:654,11
DA:656,15
DA:659,15
DA:660,3
DA:662,12
DA:666,10
DA:668,2
DA:672,1
DA:674,0
DA:675,0
DA:676,0
DA:681,0
DA:682,0
DA:684,0
DA:686,0
DA:687,0
DA:691,0
DA:692,0
DA:693,0
DA:697,0
DA:700,0
DA:701,0
DA:704,0
DA:707,1
DA:709,6
DA:710,6
DA:711,1
DA:713,1
DA:717,5
DA:718,5
DA:720,1
DA:729,4
DA:730,4
DA:731,1
DA:732,1
DA:736,3
DA:737,3
DA:738,3
DA:739,1
DA:741,2
DA:745,2
DA:753,1
DA:754,9
DA:756,9
DA:757,9
DA:758,1
DA:761,8
DA:762,8
DA:763,8
DA:765,0
DA:766,0
DA:769,8
DA:770,0
DA:774,8
DA:775,8
DA:776,1
DA:780,7
DA:783,3
DA:786,4
DA:787,1
DA:789,3
DA:795,3
DA:797,0
DA:798,0
DA:802,0
DA:803,0
DA:808,1
DA:810,1
DA:812,0
DA:813,0
DA:814,0
DA:818,0
DA:819,0
DA:821,0
DA:823,0
DA:824,0
DA:828,0
DA:829,0
DA:830,0
DA:834,0
DA:835,0
DA:836,0
DA:840,0
DA:842,0
DA:844,0
DA:845,0
DA:846,0
DA:847,0
DA:849,0
DA:853,0
DA:857,1
DA:858,13
DA:860,13
DA:861,13
DA:862,1
DA:868,12
DA:869,12
DA:871,1
DA:877,11
DA:878,11
DA:879,1
DA:881,10
DA:882,10
DA:883,10
DA:884,2
DA:886,8
DA:887,1
DA:889,12
DA:890,5
DA:892,7
DA:896,2
DA:898,5
DA:899,5
DA:901,0
DA:905,1
DA:907,7
DA:908,7
DA:909,1
DA:913,6
DA:914,6
DA:916,1
DA:920,5
DA:921,5
DA:922,0
DA:926,5
DA:927,5
DA:928,0
DA:931,5
DA:932,5
DA:933,1
DA:935,4
DA:937,4
DA:938,2
DA:939,2
DA:940,2
DA:944,0
DA:948,1
DA:949,91
DA:950,91
DA:951,91
DA:953,91
DA:954,91
DA:956,10
DA:959,81
DA:963,1
DA:964,49
DA:965,49
DA:966,49
DA:969,49
DA:970,49
DA:972,5
DA:975,44
DA:978,1
DA:979,7
DA:980,7
DA:981,7
DA:982,7
DA:985,7
DA:986,0
DA:990,7
DA:991,7
DA:992,7
DA:994,0
DA:995,0
DA:998,7
DA:999,0
DA:1002,7
DA:1003,0
DA:1007,7
DA:1008,7
DA:1009,0
DA:1013,7
DA:1016,5
DA:1019,2
DA:1021,0
DA:1024,0
DA:1028,2
DA:1030,0
DA:1033,0
DA:1035,0
DA:1036,0
DA:1042,1
DA:1043,64
DA:1044,64
DA:1046,64
DA:1047,64
DA:1049,7
DA:1051,57
DA:1055,1
DA:1056,8
DA:1058,8
DA:1059,8
DA:1061,1
DA:1063,7
DA:1067,1
DA:1068,9
DA:1069,9
DA:1070,9
DA:1072,9
DA:1073,9
DA:1075,7
DA:1077,2
DA:1081,1
DA:1082,99
DA:1083,99
DA:1084,99
DA:1085,99
DA:1087,99
DA:1088,99
DA:1090,6
DA:1093,93
DA:1097,1
DA:1098,8
DA:1100,8
DA:1101,8
DA:1102,1
DA:1106,7
DA:1107,7
DA:1108,1
DA:1112,6
DA:1113,2
DA:1116,4
DA:1117,2
DA:1118,2
DA:1119,2
DA:1121,0
DA:1125,1
DA:1126,8
DA:1128,8
DA:1129,8
DA:1130,0
DA:1134,8
DA:1135,8
DA:1136,0
DA:1139,8
DA:1140,8
DA:1141,0
DA:1143,8
DA:1146,8
DA:1147,8
DA:1148,0
DA:1150,8
DA:1153,8
DA:1154,8
DA:1155,0
DA:1158,8
DA:1165,5
DA:1167,3
DA:1170,3
DA:1171,0
DA:1173,3
DA:1175,3
DA:1177,0
DA:1182,1
DA:1183,4
DA:1185,4
DA:1186,4
DA:1187,1
DA:1190,3
DA:1191,1
DA:1193,3
DA:1194,3
DA:1196,0
DA:1197,0
DA:1202,1
DA:1204,7
DA:1206,7
DA:1207,7
DA:1208,7
DA:1209,1
DA:1211,6
DA:1212,1
DA:1215,5
DA:1216,1
DA:1218,6
DA:1219,6
DA:1221,0
DA:1222,0
DA:1227,1
DA:1228,25
DA:1230,25
DA:1231,25
DA:1232,25
DA:1233,1
DA:1235,24
DA:1236,1
DA:1238,23
DA:1239,23
DA:1240,2
DA:1243,21
DA:1244,9
DA:1246,16
DA:1247,16
DA:1249,0
DA:1250,0
DA:1258,1
DA:1259,0
DA:1270,0
DA:1273,1
DA:1275,1
DA:1277,1
DA:1278,1
DA:1282,1
DA:1283,1
DA:1284,1
DA:1285,1
DA:1286,1
LF:634
LH:526
BRDA:62,0,0,0
BRDA:62,0,1,1
BRDA:65,1,0,1
BRDA:65,1,1,1
BRDA:66,2,0,1
BRDA:66,2,1,1
BRDA:79,3,0,1
BRDA:109,4,0,0
BRDA:136,5,0,0
BRDA:147,6,0,0
BRDA:151,7,0,0
BRDA:151,8,0,664
BRDA:151,8,1,664
BRDA:157,9,0,7
BRDA:157,10,0,664
BRDA:157,10,1,657
BRDA:170,11,0,5
BRDA:170,12,0,5
BRDA:170,12,1,5
BRDA:180,13,0,2
BRDA:189,14,0,0
BRDA:206,15,0,0
BRDA:210,16,0,0
BRDA:215,17,0,0
BRDA:232,18,0,1
BRDA:243,19,0,1
BRDA:260,20,0,1
BRDA:264,21,0,0
BRDA:269,22,0,1
BRDA:276,23,0,1
BRDA:276,24,0,147
BRDA:276,24,1,146
BRDA:281,25,0,14
BRDA:282,26,0,5
BRDA:283,27,0,14
BRDA:283,27,1,12
BRDA:283,27,2,10
BRDA:289,28,0,0
BRDA:290,29,0,9
BRDA:290,29,1,9
BRDA:304,30,0,1
BRDA:314,31,0,0
BRDA:320,32,0,1
BRDA:327,33,0,1
BRDA:327,34,0,57
BRDA:327,34,1,56
BRDA:331,35,0,5
BRDA:332,36,0,56
BRDA:332,36,1,55
BRDA:332,36,2,54
BRDA:342,37,0,12
BRDA:344,38,0,2
BRDA:345,39,0,12
BRDA:345,39,1,11
BRDA:355,40,0,21
BRDA:381,41,0,1
BRDA:391,42,0,1
BRDA:394,43,0,3
BRDA:394,44,0,12
BRDA:394,44,1,11
BRDA:411,45,0,1
BRDA:418,46,0,1
BRDA:421,47,0,3
BRDA:421,48,0,6
BRDA:421,48,1,5
BRDA:435,49,0,1
BRDA:440,50,0,0
BRDA:446,51,0,1
BRDA:446,52,0,5
BRDA:446,52,1,5
BRDA:446,52,2,5
BRDA:459,53,0,0
BRDA:474,54,0,1
BRDA:478,55,0,3
BRDA:478,56,0,16
BRDA:478,56,1,13
BRDA:484,57,0,1
BRDA:495,58,0,1
BRDA:495,58,1,0
BRDA:495,58,2,1
BRDA:495,58,3,1
BRDA:495,58,4,2
BRDA:495,58,5,1
BRDA:495,58,6,3
BRDA:495,58,7,4
BRDA:495,58,8,3
BRDA:518,59,0,0
BRDA:527,60,0,0
BRDA:533,61,0,0
BRDA:543,62,0,1
BRDA:543,63,0,2
BRDA:543,63,1,1
BRDA:565,64,0,0
BRDA:575,65,0,0
BRDA:581,66,0,0
BRDA:587,67,0,0
BRDA:593,68,0,0
BRDA:599,69,0,5
BRDA:600,70,0,1
BRDA:600,70,1,4
BRDA:602,71,0,4
BRDA:602,71,1,0
BRDA:602,72,0,4
BRDA:602,72,1,3
BRDA:618,73,0,1
BRDA:624,74,0,0
BRDA:629,75,0,1
BRDA:636,76,0,1
BRDA:643,77,0,1
BRDA:643,78,0,22
BRDA:643,78,1,21
BRDA:659,79,0,3
BRDA:659,80,0,15
BRDA:659,80,1,14
BRDA:662,81,0,10
BRDA:662,82,0,12
BRDA:662,82,1,6
BRDA:662,82,2,3
BRDA:662,82,3,2
BRDA:675,83,0,0
BRDA:686,84,0,0
BRDA:692,85,0,0
BRDA:700,86,0,0
BRDA:710,87,0,1
BRDA:730,88,0,1
BRDA:757,89,0,1
BRDA:769,90,0,0
BRDA:775,91,0,1
BRDA:775,92,0,8
BRDA:775,92,1,8
BRDA:786,93,0,1
BRDA:789,94,0,3
BRDA:790,95,0,3
BRDA:790,95,1,3
BRDA:790,95,2,2
BRDA:790,95,3,1
BRDA:797,96,0,0
BRDA:813,97,0,0
BRDA:823,98,0,0
BRDA:829,99,0,0
BRDA:835,100,0,0
BRDA:842,101,0,0
BRDA:844,102,0,0
BRDA:844,102,1,0
BRDA:846,103,0,0
BRDA:846,103,1,0
BRDA:861,104,0,1
BRDA:878,105,0,1
BRDA:883,106,0,2
BRDA:889,107,0,5
BRDA:892,108,0,2
BRDA:893,109,0,7
BRDA:893,109,1,6
BRDA:898,110,0,5
BRDA:908,111,0,1
BRDA:921,112,0,0
BRDA:927,113,0,0
BRDA:935,114,0,4
BRDA:937,115,0,2
BRDA:937,115,1,2
BRDA:939,116,0,2
BRDA:985,117,0,0
BRDA:998,118,0,0
BRDA:1002,119,0,0
BRDA:1002,120,0,7
BRDA:1002,120,1,7
BRDA:1008,121,0,0
BRDA:1019,122,0,0
BRDA:1019,122,1,0
BRDA:1019,122,2,0
BRDA:1019,122,3,1
BRDA:1019,122,4,2
BRDA:1019,122,5,2
BRDA:1019,122,6,0
BRDA:1019,122,7,0
BRDA:1019,122,8,0
BRDA:1019,122,9,0
BRDA:1101,123,0,1
BRDA:1107,124,0,1
BRDA:1116,125,0,2
BRDA:1116,125,1,2
BRDA:1118,126,0,2
BRDA:1118,126,1,0
BRDA:1118,127,0,2
BRDA:1118,127,1,0
BRDA:1129,128,0,0
BRDA:1135,129,0,0
BRDA:1140,130,0,0
BRDA:1147,131,0,0
BRDA:1154,132,0,0
BRDA:1154,133,0,8
BRDA:1154,133,1,8
BRDA:1170,134,0,0
BRDA:1170,135,0,3
BRDA:1170,135,1,3
BRDA:1173,136,0,3
BRDA:1173,137,0,3
BRDA:1173,137,1,3
BRDA:1173,137,2,3
BRDA:1186,138,0,1
BRDA:1193,139,0,3
BRDA:1208,140,0,1
BRDA:1211,141,0,1
BRDA:1218,142,0,6
BRDA:1232,143,0,1
BRDA:1235,144,0,1
BRDA:1239,145,0,2
BRDA:1246,146,0,16
BRDA:1273,147,0,1
BRF:209
BRH:148
end_of_record
TN:
SF:src/types.ts
FN:13,isErrorObjectType
FN:24,(anonymous_1)
FN:52,isPlayerType
FN:70,isUserType
FN:83,(anonymous_4)
FN:85,(anonymous_5)
FN:100,isGameMetaDataType
FN:112,(anonymous_7)
FN:122,isColoursEnum
FN:166,isQuizType
FN:176,(anonymous_10)
FN:180,(anonymous_11)
FN:190,isGameState
FN:194,(anonymous_13)
FN:202,isGameAction
FN:218,isGameType
FN:229,(anonymous_16)
FN:243,isUserArrayType
FN:246,(anonymous_18)
FN:259,isQuizArrayType
FN:262,(anonymous_20)
FN:284,isSessionType
FN:302,isSessionArrayType
FN:305,(anonymous_23)
FNF:24
FNH:14
FNDA:636,isErrorObjectType
FNDA:82,(anonymous_1)
FNDA:221,isPlayerType
FNDA:3117,isUserType
FNDA:90024,(anonymous_4)
FNDA:503361,(anonymous_5)
FNDA:302,isGameMetaDataType
FNDA:1,(anonymous_7)
FNDA:0,isColoursEnum
FNDA:0,isQuizType
FNDA:0,(anonymous_10)
FNDA:1,(anonymous_11)
FNDA:302,isGameState
FNDA:1,(anonymous_13)
FNDA:95,isGameAction
FNDA:302,isGameType
FNDA:221,(anonymous_16)
FNDA:0,isUserArrayType
FNDA:0,(anonymous_18)
FNDA:0,isQuizArrayType
FNDA:0,(anonymous_20)
FNDA:0,isSessionType
FNDA:0,isSessionArrayType
FNDA:0,(anonymous_23)
DA:13,1
DA:15,636
DA:23,1
DA:24,82
DA:25,82
DA:26,82
DA:52,1
DA:53,221
DA:70,1
DA:71,3117
DA:83,90024
DA:85,503361
DA:100,1
DA:101,302
DA:112,1
DA:113,1
DA:114,1
DA:115,1
DA:116,1
DA:117,1
DA:118,1
DA:119,1
DA:122,1
DA:123,0
DA:166,1
DA:167,0
DA:176,0
DA:180,1
DA:181,1
DA:182,1
DA:183,1
DA:184,1
DA:185,1
DA:186,1
DA:187,1
DA:190,1
DA:191,302
DA:194,1
DA:195,1
DA:196,1
DA:197,1
DA:198,1
DA:199,1
DA:202,1
DA:203,95
DA:218,1
DA:219,302
DA:229,221
DA:243,1
DA:244,0
DA:246,0
DA:259,1
DA:260,0
DA:262,0
DA:284,1
DA:285,0
DA:302,1
DA:303,0
DA:305,0
LF:59
LH:49
BRDA:16,0,0,636
BRDA:16,0,1,636
BRDA:16,0,2,636
BRDA:16,0,3,12
BRDA:54,1,0,221
BRDA:54,1,1,221
BRDA:54,1,2,221
BRDA:54,1,3,221
BRDA:54,1,4,221
BRDA:54,1,5,221
BRDA:54,1,6,221
BRDA:54,1,7,221
BRDA:54,1,8,221
BRDA:54,1,9,221
BRDA:72,2,0,3117
BRDA:72,2,1,3117
BRDA:72,2,2,3117
BRDA:72,2,3,3117
BRDA:72,2,4,3117
BRDA:72,2,5,3117
BRDA:72,2,6,3117
BRDA:72,2,7,3117
BRDA:72,2,8,3117
BRDA:72,2,9,3117
BRDA:72,2,10,3117
BRDA:72,2,11,3117
BRDA:72,2,12,3117
BRDA:72,2,13,3117
BRDA:72,2,14,3117
BRDA:72,2,15,3117
BRDA:72,2,16,3117
BRDA:72,2,17,3117
BRDA:72,2,18,3117
BRDA:72,2,19,3117
BRDA:102,3,0,302
BRDA:102,3,1,302
BRDA:102,3,2,302
BRDA:102,3,3,302
BRDA:102,3,4,302
BRDA:102,3,5,302
BRDA:102,3,6,302
BRDA:102,3,7,302
BRDA:102,3,8,302
BRDA:102,3,9,302
BRDA:102,3,10,302
BRDA:102,3,11,302
BRDA:112,4,0,1
BRDA:112,4,1,1
BRDA:168,5,0,0
BRDA:168,5,1,0
BRDA:168,5,2,0
BRDA:168,5,3,0
BRDA:168,5,4,0
BRDA:168,5,5,0
BRDA:168,5,6,0
BRDA:168,5,7,0
BRDA:168,5,8,0
BRDA:168,5,9,0
BRDA:168,5,10,0
BRDA:168,5,11,0
BRDA:168,5,12,0
BRDA:168,5,13,0
BRDA:168,5,14,0
BRDA:168,5,15,0
BRDA:180,6,0,1
BRDA:180,6,1,1
BRDA:194,7,0,1
BRDA:194,7,1,1
BRDA:220,8,0,302
BRDA:220,8,1,302
BRDA:220,8,2,302
BRDA:220,8,3,302
BRDA:220,8,4,302
BRDA:220,8,5,302
BRDA:220,8,6,302
BRDA:220,8,7,302
BRDA:220,8,8,302
BRDA:220,8,9,302
BRDA:220,8,10,302
BRDA:220,8,11,302
BRDA:220,8,12,302
BRDA:220,8,13,302
BRDA:220,8,14,302
BRDA:220,8,15,302
BRDA:220,8,16,302
BRDA:220,8,17,302
BRDA:220,8,18,302
BRDA:245,9,0,0
BRDA:245,9,1,0
BRDA:261,10,0,0
BRDA:261,10,1,0
BRDA:286,11,0,0
BRDA:286,11,1,0
BRDA:286,11,2,0
BRDA:286,11,3,0
BRDA:286,11,4,0
BRDA:286,11,5,0
BRDA:304,12,0,0
BRDA:304,12,1,0
BRF:99
BRH:71
end_of_record
